ERROR - 2024-06-25 06:54:42 --> Error connecting to the database: mysqli_sql_exception: Access denied for user 'root'@'localhost' (using password: YES) in C:\Projects\UA\system\Database\MySQLi\Connection.php:173
Stack trace:
#0 C:\Projects\UA\system\Database\MySQLi\Connection.php(173): mysqli->real_connect('localhost', 'root', Object(SensitiveParameterValue), 'ua', 3306, '', 0)
#1 C:\Projects\UA\system\Database\BaseConnection.php(391): CodeIgniter\Database\MySQLi\Connection->connect(false)
#2 C:\Projects\UA\system\Database\BaseConnection.php(574): CodeIgniter\Database\BaseConnection->initialize()
#3 C:\Projects\UA\system\Database\BaseBuilder.php(2309): CodeIgniter\Database\BaseConnection->query('INSERT INTO `pe...', Array, false)
#4 C:\Projects\UA\system\Model.php(330): CodeIgniter\Database\BaseBuilder->insert()
#5 C:\Projects\UA\system\BaseModel.php(782): CodeIgniter\Model->doInsert(Array)
#6 C:\Projects\UA\system\Model.php(730): CodeIgniter\BaseModel->insert(Array, true)
#7 C:\Projects\UA\app\Models\PersonsModel.php(51): CodeIgniter\Model->insert(Array)
#8 C:\Projects\UA\app\Controllers\AdminController.php(44): App\Models\PersonsModel->CreateRecords(Array)
#9 C:\Projects\UA\system\CodeIgniter.php(932): App\Controllers\AdminController->AddAccounts()
#10 C:\Projects\UA\system\CodeIgniter.php(497): CodeIgniter\CodeIgniter->runController(Object(App\Controllers\AdminController))
#11 C:\Projects\UA\system\CodeIgniter.php(366): CodeIgniter\CodeIgniter->handleRequest(NULL, Object(Config\Cache), false)
#12 C:\Projects\UA\public\index.php(67): CodeIgniter\CodeIgniter->run()
#13 C:\Projects\UA\system\Commands\Server\rewrite.php(47): require_once('C:\\Projects\\UA\\...')
#14 {main}

Next CodeIgniter\Database\Exceptions\DatabaseException: Access denied for user '****'@'localhost' (using password: YES) in C:\Projects\UA\system\Database\MySQLi\Connection.php:218
Stack trace:
#0 C:\Projects\UA\system\Database\BaseConnection.php(391): CodeIgniter\Database\MySQLi\Connection->connect(false)
#1 C:\Projects\UA\system\Database\BaseConnection.php(574): CodeIgniter\Database\BaseConnection->initialize()
#2 C:\Projects\UA\system\Database\BaseBuilder.php(2309): CodeIgniter\Database\BaseConnection->query('INSERT INTO `pe...', Array, false)
#3 C:\Projects\UA\system\Model.php(330): CodeIgniter\Database\BaseBuilder->insert()
#4 C:\Projects\UA\system\BaseModel.php(782): CodeIgniter\Model->doInsert(Array)
#5 C:\Projects\UA\system\Model.php(730): CodeIgniter\BaseModel->insert(Array, true)
#6 C:\Projects\UA\app\Models\PersonsModel.php(51): CodeIgniter\Model->insert(Array)
#7 C:\Projects\UA\app\Controllers\AdminController.php(44): App\Models\PersonsModel->CreateRecords(Array)
#8 C:\Projects\UA\system\CodeIgniter.php(932): App\Controllers\AdminController->AddAccounts()
#9 C:\Projects\UA\system\CodeIgniter.php(497): CodeIgniter\CodeIgniter->runController(Object(App\Controllers\AdminController))
#10 C:\Projects\UA\system\CodeIgniter.php(366): CodeIgniter\CodeIgniter->handleRequest(NULL, Object(Config\Cache), false)
#11 C:\Projects\UA\public\index.php(67): CodeIgniter\CodeIgniter->run()
#12 C:\Projects\UA\system\Commands\Server\rewrite.php(47): require_once('C:\\Projects\\UA\\...')
#13 {main}
CRITICAL - 2024-06-25 06:54:42 --> Unable to connect to the database.
Main connection [MySQLi]: Access denied for user '****'@'localhost' (using password: YES)
in SYSTEMPATH\Database\BaseConnection.php on line 427.
 1 SYSTEMPATH\Database\BaseConnection.php(574): CodeIgniter\Database\BaseConnection->initialize()
 2 SYSTEMPATH\Database\BaseBuilder.php(2309): CodeIgniter\Database\BaseConnection->query('INSERT INTO `persons` (`fname`, `mname`, `lname`, `created_at`) VALUES (:fname:, :mname:, :lname:, :created_at:)', [...], false)
 3 SYSTEMPATH\Model.php(330): CodeIgniter\Database\BaseBuilder->insert()
 4 SYSTEMPATH\BaseModel.php(782): CodeIgniter\Model->doInsert([...])
 5 SYSTEMPATH\Model.php(730): CodeIgniter\BaseModel->insert([...], true)
 6 APPPATH\Models\PersonsModel.php(51): CodeIgniter\Model->insert([...])
 7 APPPATH\Controllers\AdminController.php(44): App\Models\PersonsModel->CreateRecords([...])
 8 SYSTEMPATH\CodeIgniter.php(932): App\Controllers\AdminController->AddAccounts()
 9 SYSTEMPATH\CodeIgniter.php(497): CodeIgniter\CodeIgniter->runController(Object(App\Controllers\AdminController))
10 SYSTEMPATH\CodeIgniter.php(366): CodeIgniter\CodeIgniter->handleRequest(null, Object(Config\Cache), false)
11 FCPATH\index.php(67): CodeIgniter\CodeIgniter->run()
12 SYSTEMPATH\Commands\Server\rewrite.php(47): require_once('C:\\Projects\\UA\\public\\index.php')
ERROR - 2024-06-25 06:55:21 --> mysqli_sql_exception: Table 'ua.persons' doesn't exist in C:\Projects\UA\system\Database\MySQLi\Connection.php:295
Stack trace:
#0 C:\Projects\UA\system\Database\MySQLi\Connection.php(295): mysqli->query('INSERT INTO `pe...', 0)
#1 C:\Projects\UA\system\Database\BaseConnection.php(692): CodeIgniter\Database\MySQLi\Connection->execute('INSERT INTO `pe...')
#2 C:\Projects\UA\system\Database\BaseConnection.php(606): CodeIgniter\Database\BaseConnection->simpleQuery('INSERT INTO `pe...')
#3 C:\Projects\UA\system\Database\BaseBuilder.php(2309): CodeIgniter\Database\BaseConnection->query('INSERT INTO `pe...', Array, false)
#4 C:\Projects\UA\system\Model.php(330): CodeIgniter\Database\BaseBuilder->insert()
#5 C:\Projects\UA\system\BaseModel.php(782): CodeIgniter\Model->doInsert(Array)
#6 C:\Projects\UA\system\Model.php(730): CodeIgniter\BaseModel->insert(Array, true)
#7 C:\Projects\UA\app\Models\PersonsModel.php(51): CodeIgniter\Model->insert(Array)
#8 C:\Projects\UA\app\Controllers\AdminController.php(44): App\Models\PersonsModel->CreateRecords(Array)
#9 C:\Projects\UA\system\CodeIgniter.php(932): App\Controllers\AdminController->AddAccounts()
#10 C:\Projects\UA\system\CodeIgniter.php(497): CodeIgniter\CodeIgniter->runController(Object(App\Controllers\AdminController))
#11 C:\Projects\UA\system\CodeIgniter.php(366): CodeIgniter\CodeIgniter->handleRequest(NULL, Object(Config\Cache), false)
#12 C:\Projects\UA\public\index.php(67): CodeIgniter\CodeIgniter->run()
#13 C:\Projects\UA\system\Commands\Server\rewrite.php(47): require_once('C:\\Projects\\UA\\...')
#14 {main}
CRITICAL - 2024-06-25 06:55:21 --> Table 'ua.persons' doesn't exist
in SYSTEMPATH\Database\MySQLi\Connection.php on line 295.
 1 SYSTEMPATH\Database\MySQLi\Connection.php(295): mysqli->query('INSERT INTO `persons` (`fname`, `mname`, `lname`, `created_at`) VALUES (\'Jumz\', \'a\', \'Eligue\', \'2024-06-25-06:55:21am\')', 0)
 2 SYSTEMPATH\Database\BaseConnection.php(692): CodeIgniter\Database\MySQLi\Connection->execute('INSERT INTO `persons` (`fname`, `mname`, `lname`, `created_at`) VALUES (\'Jumz\', \'a\', \'Eligue\', \'2024-06-25-06:55:21am\')')
 3 SYSTEMPATH\Database\BaseConnection.php(606): CodeIgniter\Database\BaseConnection->simpleQuery('INSERT INTO `persons` (`fname`, `mname`, `lname`, `created_at`) VALUES (\'Jumz\', \'a\', \'Eligue\', \'2024-06-25-06:55:21am\')')
 4 SYSTEMPATH\Database\BaseBuilder.php(2309): CodeIgniter\Database\BaseConnection->query('INSERT INTO `persons` (`fname`, `mname`, `lname`, `created_at`) VALUES (:fname:, :mname:, :lname:, :created_at:)', [...], false)
 5 SYSTEMPATH\Model.php(330): CodeIgniter\Database\BaseBuilder->insert()
 6 SYSTEMPATH\BaseModel.php(782): CodeIgniter\Model->doInsert([...])
 7 SYSTEMPATH\Model.php(730): CodeIgniter\BaseModel->insert([...], true)
 8 APPPATH\Models\PersonsModel.php(51): CodeIgniter\Model->insert([...])
 9 APPPATH\Controllers\AdminController.php(44): App\Models\PersonsModel->CreateRecords([...])
10 SYSTEMPATH\CodeIgniter.php(932): App\Controllers\AdminController->AddAccounts()
11 SYSTEMPATH\CodeIgniter.php(497): CodeIgniter\CodeIgniter->runController(Object(App\Controllers\AdminController))
12 SYSTEMPATH\CodeIgniter.php(366): CodeIgniter\CodeIgniter->handleRequest(null, Object(Config\Cache), false)
13 FCPATH\index.php(67): CodeIgniter\CodeIgniter->run()
14 SYSTEMPATH\Commands\Server\rewrite.php(47): require_once('C:\\Projects\\UA\\public\\index.php')
INFO - 2024-06-25 06:56:56 --> Session: Class initialized using 'CodeIgniter\Session\Handlers\FileHandler' driver.
INFO - 2024-06-25 06:56:56 --> Session: Class initialized using 'CodeIgniter\Session\Handlers\FileHandler' driver.
INFO - 2024-06-25 07:02:07 --> Session: Class initialized using 'CodeIgniter\Session\Handlers\FileHandler' driver.
INFO - 2024-06-25 07:02:07 --> Session: Class initialized using 'CodeIgniter\Session\Handlers\FileHandler' driver.
INFO - 2024-06-25 07:02:16 --> Session: Class initialized using 'CodeIgniter\Session\Handlers\FileHandler' driver.
INFO - 2024-06-25 07:02:16 --> Session: Class initialized using 'CodeIgniter\Session\Handlers\FileHandler' driver.
INFO - 2024-06-25 07:33:49 --> Session: Class initialized using 'CodeIgniter\Session\Handlers\FileHandler' driver.
INFO - 2024-06-25 07:33:49 --> Session: Class initialized using 'CodeIgniter\Session\Handlers\FileHandler' driver.
CRITICAL - 2024-06-25 07:34:12 --> There is no data to insert.
in SYSTEMPATH\BaseModel.php on line 762.
 1 SYSTEMPATH\BaseModel.php(762): CodeIgniter\Database\Exceptions\DataException::forEmptyDataset('insert')
 2 SYSTEMPATH\Model.php(730): CodeIgniter\BaseModel->insert([], true)
 3 APPPATH\Models\PersonsModel.php(51): CodeIgniter\Model->insert([...])
 4 APPPATH\Controllers\AdminController.php(60): App\Models\PersonsModel->CreateRecords([...])
 5 SYSTEMPATH\CodeIgniter.php(932): App\Controllers\AdminController->AddAccounts()
 6 SYSTEMPATH\CodeIgniter.php(497): CodeIgniter\CodeIgniter->runController(Object(App\Controllers\AdminController))
 7 SYSTEMPATH\CodeIgniter.php(366): CodeIgniter\CodeIgniter->handleRequest(null, Object(Config\Cache), false)
 8 FCPATH\index.php(67): CodeIgniter\CodeIgniter->run()
 9 SYSTEMPATH\Commands\Server\rewrite.php(47): require_once('C:\\Projects\\UA\\public\\index.php')
INFO - 2024-06-25 07:34:44 --> Session: Class initialized using 'CodeIgniter\Session\Handlers\FileHandler' driver.
INFO - 2024-06-25 07:34:44 --> Session: Class initialized using 'CodeIgniter\Session\Handlers\FileHandler' driver.
INFO - 2024-06-25 07:34:53 --> Session: Class initialized using 'CodeIgniter\Session\Handlers\FileHandler' driver.
INFO - 2024-06-25 07:34:53 --> Session: Class initialized using 'CodeIgniter\Session\Handlers\FileHandler' driver.
INFO - 2024-06-25 07:44:38 --> Session: Class initialized using 'CodeIgniter\Session\Handlers\FileHandler' driver.
INFO - 2024-06-25 07:44:43 --> Session: Class initialized using 'CodeIgniter\Session\Handlers\FileHandler' driver.
INFO - 2024-06-25 07:49:06 --> Session: Class initialized using 'CodeIgniter\Session\Handlers\FileHandler' driver.
CRITICAL - 2024-06-25 07:50:33 --> Call to undefined method App\Models\UsersAccountModel::GetIDbyPersonId
in SYSTEMPATH\Model.php on line 838.
 1 APPPATH\Controllers\AdminController.php(89): CodeIgniter\Model->__call('GetIDbyPersonId', [...])
 2 SYSTEMPATH\CodeIgniter.php(932): App\Controllers\AdminController->EditAccounts()
 3 SYSTEMPATH\CodeIgniter.php(497): CodeIgniter\CodeIgniter->runController(Object(App\Controllers\AdminController))
 4 SYSTEMPATH\CodeIgniter.php(366): CodeIgniter\CodeIgniter->handleRequest(null, Object(Config\Cache), false)
 5 FCPATH\index.php(67): CodeIgniter\CodeIgniter->run()
 6 SYSTEMPATH\Commands\Server\rewrite.php(47): require_once('C:\\Projects\\UA\\public\\index.php')
CRITICAL - 2024-06-25 07:50:43 --> Updates are not allowed unless they contain a "where" or "like" clause.
in SYSTEMPATH\Model.php on line 391.
 1 SYSTEMPATH\BaseModel.php(943): CodeIgniter\Model->doUpdate(null, [...])
 2 SYSTEMPATH\Model.php(756): CodeIgniter\BaseModel->update(null, [...])
 3 APPPATH\Models\UsersAccountModel.php(58): CodeIgniter\Model->update(null, [...])
 4 APPPATH\Controllers\AdminController.php(95): App\Models\UsersAccountModel->UpdateRecords(null, [...])
 5 SYSTEMPATH\CodeIgniter.php(932): App\Controllers\AdminController->EditAccounts()
 6 SYSTEMPATH\CodeIgniter.php(497): CodeIgniter\CodeIgniter->runController(Object(App\Controllers\AdminController))
 7 SYSTEMPATH\CodeIgniter.php(366): CodeIgniter\CodeIgniter->handleRequest(null, Object(Config\Cache), false)
 8 FCPATH\index.php(67): CodeIgniter\CodeIgniter->run()
 9 SYSTEMPATH\Commands\Server\rewrite.php(47): require_once('C:\\Projects\\UA\\public\\index.php')
CRITICAL - 2024-06-25 07:53:11 --> Updates are not allowed unless they contain a "where" or "like" clause.
in SYSTEMPATH\Model.php on line 391.
 1 SYSTEMPATH\BaseModel.php(943): CodeIgniter\Model->doUpdate(null, [...])
 2 SYSTEMPATH\Model.php(756): CodeIgniter\BaseModel->update(null, [...])
 3 APPPATH\Models\UsersAccountModel.php(58): CodeIgniter\Model->update(null, [...])
 4 APPPATH\Controllers\AdminController.php(95): App\Models\UsersAccountModel->UpdateRecords(null, [...])
 5 SYSTEMPATH\CodeIgniter.php(932): App\Controllers\AdminController->EditAccounts()
 6 SYSTEMPATH\CodeIgniter.php(497): CodeIgniter\CodeIgniter->runController(Object(App\Controllers\AdminController))
 7 SYSTEMPATH\CodeIgniter.php(366): CodeIgniter\CodeIgniter->handleRequest(null, Object(Config\Cache), false)
 8 FCPATH\index.php(67): CodeIgniter\CodeIgniter->run()
 9 SYSTEMPATH\Commands\Server\rewrite.php(47): require_once('C:\\Projects\\UA\\public\\index.php')
CRITICAL - 2024-06-25 07:55:28 --> Array to string conversion
in APPPATH\Controllers\AdminController.php on line 90.
 1 APPPATH\Controllers\AdminController.php(90): CodeIgniter\Debug\Exceptions->errorHandler(2, 'Array to string conversion', 'C:\\Projects\\UA\\app\\Controllers\\AdminController.php', 90)
 2 SYSTEMPATH\CodeIgniter.php(932): App\Controllers\AdminController->EditAccounts()
 3 SYSTEMPATH\CodeIgniter.php(497): CodeIgniter\CodeIgniter->runController(Object(App\Controllers\AdminController))
 4 SYSTEMPATH\CodeIgniter.php(366): CodeIgniter\CodeIgniter->handleRequest(null, Object(Config\Cache), false)
 5 FCPATH\index.php(67): CodeIgniter\CodeIgniter->run()
 6 SYSTEMPATH\Commands\Server\rewrite.php(47): require_once('C:\\Projects\\UA\\public\\index.php')
CRITICAL - 2024-06-25 07:56:10 --> Undefined variable $accountId
in APPPATH\Controllers\AdminController.php on line 95.
 1 APPPATH\Controllers\AdminController.php(95): CodeIgniter\Debug\Exceptions->errorHandler(2, 'Undefined variable $accountId', 'C:\\Projects\\UA\\app\\Controllers\\AdminController.php', 95)
 2 SYSTEMPATH\CodeIgniter.php(932): App\Controllers\AdminController->EditAccounts()
 3 SYSTEMPATH\CodeIgniter.php(497): CodeIgniter\CodeIgniter->runController(Object(App\Controllers\AdminController))
 4 SYSTEMPATH\CodeIgniter.php(366): CodeIgniter\CodeIgniter->handleRequest(null, Object(Config\Cache), false)
 5 FCPATH\index.php(67): CodeIgniter\CodeIgniter->run()
 6 SYSTEMPATH\Commands\Server\rewrite.php(47): require_once('C:\\Projects\\UA\\public\\index.php')
INFO - 2024-06-25 07:56:25 --> Session: Class initialized using 'CodeIgniter\Session\Handlers\FileHandler' driver.
INFO - 2024-06-25 07:56:25 --> Session: Class initialized using 'CodeIgniter\Session\Handlers\FileHandler' driver.
INFO - 2024-06-25 07:57:29 --> Session: Class initialized using 'CodeIgniter\Session\Handlers\FileHandler' driver.
INFO - 2024-06-25 07:57:34 --> Session: Class initialized using 'CodeIgniter\Session\Handlers\FileHandler' driver.
INFO - 2024-06-25 07:57:34 --> Session: Class initialized using 'CodeIgniter\Session\Handlers\FileHandler' driver.
INFO - 2024-06-25 07:57:48 --> Session: Class initialized using 'CodeIgniter\Session\Handlers\FileHandler' driver.
INFO - 2024-06-25 07:57:53 --> Session: Class initialized using 'CodeIgniter\Session\Handlers\FileHandler' driver.
INFO - 2024-06-25 07:57:53 --> Session: Class initialized using 'CodeIgniter\Session\Handlers\FileHandler' driver.
INFO - 2024-06-25 07:58:05 --> Session: Class initialized using 'CodeIgniter\Session\Handlers\FileHandler' driver.
INFO - 2024-06-25 07:58:05 --> Session: Class initialized using 'CodeIgniter\Session\Handlers\FileHandler' driver.
INFO - 2024-06-25 08:10:55 --> Session: Class initialized using 'CodeIgniter\Session\Handlers\FileHandler' driver.
INFO - 2024-06-25 08:15:24 --> Session: Class initialized using 'CodeIgniter\Session\Handlers\FileHandler' driver.
INFO - 2024-06-25 08:15:24 --> Session: Class initialized using 'CodeIgniter\Session\Handlers\FileHandler' driver.
INFO - 2024-06-25 08:15:42 --> Session: Class initialized using 'CodeIgniter\Session\Handlers\FileHandler' driver.
INFO - 2024-06-25 08:15:42 --> Session: Class initialized using 'CodeIgniter\Session\Handlers\FileHandler' driver.
INFO - 2024-06-25 08:15:47 --> Session: Class initialized using 'CodeIgniter\Session\Handlers\FileHandler' driver.
INFO - 2024-06-25 08:15:47 --> Session: Class initialized using 'CodeIgniter\Session\Handlers\FileHandler' driver.
INFO - 2024-06-25 08:15:50 --> Session: Class initialized using 'CodeIgniter\Session\Handlers\FileHandler' driver.
INFO - 2024-06-25 08:15:50 --> Session: Class initialized using 'CodeIgniter\Session\Handlers\FileHandler' driver.
INFO - 2024-06-25 08:17:28 --> Session: Class initialized using 'CodeIgniter\Session\Handlers\FileHandler' driver.
INFO - 2024-06-25 08:17:29 --> Session: Class initialized using 'CodeIgniter\Session\Handlers\FileHandler' driver.
INFO - 2024-06-25 08:18:14 --> Session: Class initialized using 'CodeIgniter\Session\Handlers\FileHandler' driver.
