INFO - 2024-06-28 00:59:42 --> Session: Class initialized using 'CodeIgniter\Session\Handlers\FileHandler' driver.
INFO - 2024-06-28 01:02:21 --> Session: Class initialized using 'CodeIgniter\Session\Handlers\FileHandler' driver.
INFO - 2024-06-28 01:02:26 --> Session: Class initialized using 'CodeIgniter\Session\Handlers\FileHandler' driver.
CRITICAL - 2024-06-28 01:31:36 --> Undefined variable $data
in APPPATH\Controllers\UserController.php on line 11.
 1 APPPATH\Controllers\UserController.php(11): CodeIgniter\Debug\Exceptions->errorHandler(2, 'Undefined variable $data', 'C:\\Projects\\UA\\app\\Controllers\\UserController.php', 11)
 2 SYSTEMPATH\CodeIgniter.php(932): App\Controllers\UserController->index()
 3 SYSTEMPATH\CodeIgniter.php(497): CodeIgniter\CodeIgniter->runController(Object(App\Controllers\UserController))
 4 SYSTEMPATH\CodeIgniter.php(366): CodeIgniter\CodeIgniter->handleRequest(null, Object(Config\Cache), false)
 5 FCPATH\index.php(67): CodeIgniter\CodeIgniter->run()
 6 SYSTEMPATH\Commands\Server\rewrite.php(47): require_once('C:\\Projects\\UA\\public\\index.php')
CRITICAL - 2024-06-28 01:31:45 --> Invalid file: "User/homepage.php"
in SYSTEMPATH\Exceptions\FrameworkException.php on line 33.
 1 SYSTEMPATH\View\View.php(212): CodeIgniter\Exceptions\FrameworkException::forInvalidFile('User/homepage.php')
 2 SYSTEMPATH\Common.php(1180): CodeIgniter\View\View->render('User/homepage', [], true)
 3 APPPATH\Controllers\UserController.php(11): view('User/homepage')
 4 SYSTEMPATH\CodeIgniter.php(932): App\Controllers\UserController->index()
 5 SYSTEMPATH\CodeIgniter.php(497): CodeIgniter\CodeIgniter->runController(Object(App\Controllers\UserController))
 6 SYSTEMPATH\CodeIgniter.php(366): CodeIgniter\CodeIgniter->handleRequest(null, Object(Config\Cache), false)
 7 FCPATH\index.php(67): CodeIgniter\CodeIgniter->run()
 8 SYSTEMPATH\Commands\Server\rewrite.php(47): require_once('C:\\Projects\\UA\\public\\index.php')
CRITICAL - 2024-06-28 01:32:13 --> Invalid file: "User/homepage.php"
in SYSTEMPATH\Exceptions\FrameworkException.php on line 33.
 1 SYSTEMPATH\View\View.php(212): CodeIgniter\Exceptions\FrameworkException::forInvalidFile('User/homepage.php')
 2 SYSTEMPATH\Common.php(1180): CodeIgniter\View\View->render('User/homepage', [], true)
 3 APPPATH\Controllers\UserController.php(11): view('User/homepage')
 4 SYSTEMPATH\CodeIgniter.php(932): App\Controllers\UserController->index()
 5 SYSTEMPATH\CodeIgniter.php(497): CodeIgniter\CodeIgniter->runController(Object(App\Controllers\UserController))
 6 SYSTEMPATH\CodeIgniter.php(366): CodeIgniter\CodeIgniter->handleRequest(null, Object(Config\Cache), false)
 7 FCPATH\index.php(67): CodeIgniter\CodeIgniter->run()
 8 SYSTEMPATH\Commands\Server\rewrite.php(47): require_once('C:\\Projects\\UA\\public\\index.php')
CRITICAL - 2024-06-28 01:32:15 --> Invalid file: "User/homepage.php"
in SYSTEMPATH\Exceptions\FrameworkException.php on line 33.
 1 SYSTEMPATH\View\View.php(212): CodeIgniter\Exceptions\FrameworkException::forInvalidFile('User/homepage.php')
 2 SYSTEMPATH\Common.php(1180): CodeIgniter\View\View->render('User/homepage', [], true)
 3 APPPATH\Controllers\UserController.php(11): view('User/homepage')
 4 SYSTEMPATH\CodeIgniter.php(932): App\Controllers\UserController->index()
 5 SYSTEMPATH\CodeIgniter.php(497): CodeIgniter\CodeIgniter->runController(Object(App\Controllers\UserController))
 6 SYSTEMPATH\CodeIgniter.php(366): CodeIgniter\CodeIgniter->handleRequest(null, Object(Config\Cache), false)
 7 FCPATH\index.php(67): CodeIgniter\CodeIgniter->run()
 8 SYSTEMPATH\Commands\Server\rewrite.php(47): require_once('C:\\Projects\\UA\\public\\index.php')
CRITICAL - 2024-06-28 01:32:54 --> Invalid file: "shared/navbar.php"
in SYSTEMPATH\Exceptions\FrameworkException.php on line 33.
 1 SYSTEMPATH\View\View.php(212): CodeIgniter\Exceptions\FrameworkException::forInvalidFile('shared/navbar.php')
 2 SYSTEMPATH\View\View.php(452): CodeIgniter\View\View->render('shared/navbar', null, true)
 3 APPPATH\Views\User\userhome.php(6): CodeIgniter\View\View->include('shared/navbar')
 4 SYSTEMPATH\View\View.php(224): include('C:\\Projects\\UA\\app\\Views\\User\\userhome.php')
 5 SYSTEMPATH\View\View.php(227): CodeIgniter\View\View->CodeIgniter\View\{closure}()
 6 SYSTEMPATH\Common.php(1180): CodeIgniter\View\View->render('User/userhome', [], true)
 7 APPPATH\Controllers\UserController.php(11): view('User/userhome')
 8 SYSTEMPATH\CodeIgniter.php(932): App\Controllers\UserController->index()
 9 SYSTEMPATH\CodeIgniter.php(497): CodeIgniter\CodeIgniter->runController(Object(App\Controllers\UserController))
10 SYSTEMPATH\CodeIgniter.php(366): CodeIgniter\CodeIgniter->handleRequest(null, Object(Config\Cache), false)
11 FCPATH\index.php(67): CodeIgniter\CodeIgniter->run()
12 SYSTEMPATH\Commands\Server\rewrite.php(47): require_once('C:\\Projects\\UA\\public\\index.php')
CRITICAL - 2024-06-28 01:33:26 --> Invalid file: "default/main.php"
in SYSTEMPATH\Exceptions\FrameworkException.php on line 33.
 1 SYSTEMPATH\View\View.php(212): CodeIgniter\Exceptions\FrameworkException::forInvalidFile('default/main.php')
 2 SYSTEMPATH\View\View.php(240): CodeIgniter\View\View->render('default/main', [], true)
 3 SYSTEMPATH\Common.php(1180): CodeIgniter\View\View->render('User/userhome', [], true)
 4 APPPATH\Controllers\UserController.php(11): view('User/userhome')
 5 SYSTEMPATH\CodeIgniter.php(932): App\Controllers\UserController->index()
 6 SYSTEMPATH\CodeIgniter.php(497): CodeIgniter\CodeIgniter->runController(Object(App\Controllers\UserController))
 7 SYSTEMPATH\CodeIgniter.php(366): CodeIgniter\CodeIgniter->handleRequest(null, Object(Config\Cache), false)
 8 FCPATH\index.php(67): CodeIgniter\CodeIgniter->run()
 9 SYSTEMPATH\Commands\Server\rewrite.php(47): require_once('C:\\Projects\\UA\\public\\index.php')
INFO - 2024-06-28 04:18:25 --> Session: Class initialized using 'CodeIgniter\Session\Handlers\FileHandler' driver.
CRITICAL - 2024-06-28 06:22:37 --> Invalid file: "shared/navbar.php"
in SYSTEMPATH\Exceptions\FrameworkException.php on line 33.
 1 SYSTEMPATH\View\View.php(212): CodeIgniter\Exceptions\FrameworkException::forInvalidFile('shared/navbar.php')
 2 SYSTEMPATH\View\View.php(452): CodeIgniter\View\View->render('shared/navbar', null, true)
 3 APPPATH\Views\User\userhistory.php(6): CodeIgniter\View\View->include('shared/navbar')
 4 SYSTEMPATH\View\View.php(224): include('C:\\Projects\\UA\\app\\Views\\User\\userhistory.php')
 5 SYSTEMPATH\View\View.php(227): CodeIgniter\View\View->CodeIgniter\View\{closure}()
 6 SYSTEMPATH\Common.php(1180): CodeIgniter\View\View->render('User/userhistory', [], true)
 7 APPPATH\Controllers\UserController.php(19): view('User/userhistory')
 8 SYSTEMPATH\CodeIgniter.php(932): App\Controllers\UserController->ExchangeHistoryByUser()
 9 SYSTEMPATH\CodeIgniter.php(497): CodeIgniter\CodeIgniter->runController(Object(App\Controllers\UserController))
10 SYSTEMPATH\CodeIgniter.php(366): CodeIgniter\CodeIgniter->handleRequest(null, Object(Config\Cache), false)
11 FCPATH\index.php(67): CodeIgniter\CodeIgniter->run()
12 SYSTEMPATH\Commands\Server\rewrite.php(47): require_once('C:\\Projects\\UA\\public\\index.php')
INFO - 2024-06-28 06:29:13 --> Session: Class initialized using 'CodeIgniter\Session\Handlers\FileHandler' driver.
INFO - 2024-06-28 06:29:15 --> Session: Class initialized using 'CodeIgniter\Session\Handlers\FileHandler' driver.
INFO - 2024-06-28 06:29:56 --> Session: Class initialized using 'CodeIgniter\Session\Handlers\FileHandler' driver.
INFO - 2024-06-28 06:29:57 --> Session: Class initialized using 'CodeIgniter\Session\Handlers\FileHandler' driver.
INFO - 2024-06-28 06:30:19 --> Session: Class initialized using 'CodeIgniter\Session\Handlers\FileHandler' driver.
INFO - 2024-06-28 06:30:22 --> Session: Class initialized using 'CodeIgniter\Session\Handlers\FileHandler' driver.
INFO - 2024-06-28 06:30:26 --> Session: Class initialized using 'CodeIgniter\Session\Handlers\FileHandler' driver.
INFO - 2024-06-28 06:38:34 --> Session: Class initialized using 'CodeIgniter\Session\Handlers\FileHandler' driver.
INFO - 2024-06-28 06:39:07 --> Session: Class initialized using 'CodeIgniter\Session\Handlers\FileHandler' driver.
INFO - 2024-06-28 06:39:30 --> Session: Class initialized using 'CodeIgniter\Session\Handlers\FileHandler' driver.
INFO - 2024-06-28 06:44:31 --> Session: Class initialized using 'CodeIgniter\Session\Handlers\FileHandler' driver.
INFO - 2024-06-28 06:44:34 --> Session: Class initialized using 'CodeIgniter\Session\Handlers\FileHandler' driver.
INFO - 2024-06-28 06:46:17 --> Session: Class initialized using 'CodeIgniter\Session\Handlers\FileHandler' driver.
INFO - 2024-06-28 06:46:18 --> Session: Class initialized using 'CodeIgniter\Session\Handlers\FileHandler' driver.
INFO - 2024-06-28 07:01:14 --> Session: Class initialized using 'CodeIgniter\Session\Handlers\FileHandler' driver.
INFO - 2024-06-28 07:01:24 --> Session: Class initialized using 'CodeIgniter\Session\Handlers\FileHandler' driver.
INFO - 2024-06-28 07:01:25 --> Session: Class initialized using 'CodeIgniter\Session\Handlers\FileHandler' driver.
INFO - 2024-06-28 07:02:55 --> Session: Class initialized using 'CodeIgniter\Session\Handlers\FileHandler' driver.
INFO - 2024-06-28 07:03:00 --> Session: Class initialized using 'CodeIgniter\Session\Handlers\FileHandler' driver.
INFO - 2024-06-28 07:03:01 --> Session: Class initialized using 'CodeIgniter\Session\Handlers\FileHandler' driver.
INFO - 2024-06-28 07:03:13 --> Session: Class initialized using 'CodeIgniter\Session\Handlers\FileHandler' driver.
INFO - 2024-06-28 07:03:13 --> Session: Class initialized using 'CodeIgniter\Session\Handlers\FileHandler' driver.
INFO - 2024-06-28 07:04:01 --> Session: Class initialized using 'CodeIgniter\Session\Handlers\FileHandler' driver.
INFO - 2024-06-28 07:04:05 --> Session: Class initialized using 'CodeIgniter\Session\Handlers\FileHandler' driver.
INFO - 2024-06-28 07:04:17 --> Session: Class initialized using 'CodeIgniter\Session\Handlers\FileHandler' driver.
INFO - 2024-06-28 07:04:17 --> Session: Class initialized using 'CodeIgniter\Session\Handlers\FileHandler' driver.
INFO - 2024-06-28 13:07:25 --> Session: Class initialized using 'CodeIgniter\Session\Handlers\FileHandler' driver.
INFO - 2024-06-28 13:07:54 --> Session: Class initialized using 'CodeIgniter\Session\Handlers\FileHandler' driver.
INFO - 2024-06-28 13:08:53 --> Session: Class initialized using 'CodeIgniter\Session\Handlers\FileHandler' driver.
INFO - 2024-06-28 13:10:01 --> Session: Class initialized using 'CodeIgniter\Session\Handlers\FileHandler' driver.
INFO - 2024-06-28 13:10:09 --> Session: Class initialized using 'CodeIgniter\Session\Handlers\FileHandler' driver.
CRITICAL - 2024-06-28 13:19:52 --> Call to undefined method App\Models\UsersAccountModel::GetAllRecords
in SYSTEMPATH\Model.php on line 838.
 1 APPPATH\Controllers\AdminController.php(263): CodeIgniter\Model->__call()
 2 SYSTEMPATH\CodeIgniter.php(932): App\Controllers\AdminController->User()
 3 SYSTEMPATH\CodeIgniter.php(497): CodeIgniter\CodeIgniter->runController()
 4 SYSTEMPATH\CodeIgniter.php(366): CodeIgniter\CodeIgniter->handleRequest()
 5 FCPATH\index.php(67): CodeIgniter\CodeIgniter->run()
 6 SYSTEMPATH\Commands\Server\rewrite.php(47): require_once('C:\\Projects\\UA\\public\\index.php')
INFO - 2024-06-28 13:20:05 --> Session: Class initialized using 'CodeIgniter\Session\Handlers\FileHandler' driver.
INFO - 2024-06-28 13:21:03 --> Session: Class initialized using 'CodeIgniter\Session\Handlers\FileHandler' driver.
INFO - 2024-06-28 13:22:55 --> Session: Class initialized using 'CodeIgniter\Session\Handlers\FileHandler' driver.
INFO - 2024-06-28 15:37:09 --> Session: Class initialized using 'CodeIgniter\Session\Handlers\FileHandler' driver.
INFO - 2024-06-28 15:37:34 --> Session: Class initialized using 'CodeIgniter\Session\Handlers\FileHandler' driver.
INFO - 2024-06-28 15:37:44 --> Session: Class initialized using 'CodeIgniter\Session\Handlers\FileHandler' driver.
INFO - 2024-06-28 15:38:56 --> Session: Class initialized using 'CodeIgniter\Session\Handlers\FileHandler' driver.
INFO - 2024-06-28 15:38:57 --> Session: Class initialized using 'CodeIgniter\Session\Handlers\FileHandler' driver.
INFO - 2024-06-28 15:39:04 --> Session: Class initialized using 'CodeIgniter\Session\Handlers\FileHandler' driver.
INFO - 2024-06-28 15:39:46 --> Session: Class initialized using 'CodeIgniter\Session\Handlers\FileHandler' driver.
INFO - 2024-06-28 15:39:46 --> Session: Class initialized using 'CodeIgniter\Session\Handlers\FileHandler' driver.
INFO - 2024-06-28 15:39:49 --> Session: Class initialized using 'CodeIgniter\Session\Handlers\FileHandler' driver.
INFO - 2024-06-28 15:39:52 --> Session: Class initialized using 'CodeIgniter\Session\Handlers\FileHandler' driver.
INFO - 2024-06-28 15:40:18 --> Session: Class initialized using 'CodeIgniter\Session\Handlers\FileHandler' driver.
CRITICAL - 2024-06-28 15:40:57 --> Updates are not allowed unless they contain a "where" or "like" clause.
in SYSTEMPATH\Model.php on line 391.
 1 SYSTEMPATH\BaseModel.php(943): CodeIgniter\Model->doUpdate()
 2 SYSTEMPATH\Model.php(756): CodeIgniter\BaseModel->update()
 3 APPPATH\Models\UsersAccountModel.php(62): CodeIgniter\Model->update()
 4 APPPATH\Controllers\AdminController.php(324): App\Models\UsersAccountModel->UpdateRecords()
 5 SYSTEMPATH\CodeIgniter.php(932): App\Controllers\AdminController->EditAdminAccount()
 6 SYSTEMPATH\CodeIgniter.php(497): CodeIgniter\CodeIgniter->runController()
 7 SYSTEMPATH\CodeIgniter.php(366): CodeIgniter\CodeIgniter->handleRequest()
 8 FCPATH\index.php(67): CodeIgniter\CodeIgniter->run()
 9 SYSTEMPATH\Commands\Server\rewrite.php(47): require_once('C:\\Projects\\UA\\public\\index.php')
INFO - 2024-06-28 15:41:26 --> Session: Class initialized using 'CodeIgniter\Session\Handlers\FileHandler' driver.
INFO - 2024-06-28 15:41:27 --> Session: Class initialized using 'CodeIgniter\Session\Handlers\FileHandler' driver.
INFO - 2024-06-28 15:42:29 --> Session: Class initialized using 'CodeIgniter\Session\Handlers\FileHandler' driver.
INFO - 2024-06-28 15:44:18 --> Session: Class initialized using 'CodeIgniter\Session\Handlers\FileHandler' driver.
CRITICAL - 2024-06-28 15:44:21 --> Deletes are not allowed unless they contain a "where" or "like" clause.
in SYSTEMPATH\Model.php on line 440.
 1 SYSTEMPATH\BaseModel.php(1065): CodeIgniter\Model->doDelete()
 2 APPPATH\Models\PersonsModel.php(59): CodeIgniter\BaseModel->delete()
 3 APPPATH\Controllers\AdminController.php(109): App\Models\PersonsModel->DeleteRecords()
 4 SYSTEMPATH\CodeIgniter.php(932): App\Controllers\AdminController->DeleteAccount()
 5 SYSTEMPATH\CodeIgniter.php(497): CodeIgniter\CodeIgniter->runController()
 6 SYSTEMPATH\CodeIgniter.php(366): CodeIgniter\CodeIgniter->handleRequest()
 7 FCPATH\index.php(67): CodeIgniter\CodeIgniter->run()
 8 SYSTEMPATH\Commands\Server\rewrite.php(47): require_once('C:\\Projects\\UA\\public\\index.php')
INFO - 2024-06-28 15:44:26 --> Session: Class initialized using 'CodeIgniter\Session\Handlers\FileHandler' driver.
INFO - 2024-06-28 15:44:32 --> Session: Class initialized using 'CodeIgniter\Session\Handlers\FileHandler' driver.
INFO - 2024-06-28 15:44:32 --> Session: Class initialized using 'CodeIgniter\Session\Handlers\FileHandler' driver.
INFO - 2024-06-28 15:47:20 --> Session: Class initialized using 'CodeIgniter\Session\Handlers\FileHandler' driver.
CRITICAL - 2024-06-28 15:47:23 --> Undefined variable $UsersAccountModel
in APPPATH\Controllers\AdminController.php on line 115.
 1 APPPATH\Controllers\AdminController.php(115): CodeIgniter\Debug\Exceptions->errorHandler()
 2 SYSTEMPATH\CodeIgniter.php(932): App\Controllers\AdminController->DeleteAccount()
 3 SYSTEMPATH\CodeIgniter.php(497): CodeIgniter\CodeIgniter->runController()
 4 SYSTEMPATH\CodeIgniter.php(366): CodeIgniter\CodeIgniter->handleRequest()
 5 FCPATH\index.php(67): CodeIgniter\CodeIgniter->run()
 6 SYSTEMPATH\Commands\Server\rewrite.php(47): require_once('C:\\Projects\\UA\\public\\index.php')
CRITICAL - 2024-06-28 15:48:39 --> Deletes are not allowed unless they contain a "where" or "like" clause.
in SYSTEMPATH\Database\BaseBuilder.php on line 2767.
 1 SYSTEMPATH\Model.php(456): CodeIgniter\Database\BaseBuilder->delete()
 2 SYSTEMPATH\BaseModel.php(1065): CodeIgniter\Model->doDelete()
 3 APPPATH\Models\UsersAccountModel.php(67): CodeIgniter\BaseModel->delete()
 4 APPPATH\Controllers\AdminController.php(117): App\Models\UsersAccountModel->DeleteRecords()
 5 SYSTEMPATH\CodeIgniter.php(932): App\Controllers\AdminController->DeleteAccount()
 6 SYSTEMPATH\CodeIgniter.php(497): CodeIgniter\CodeIgniter->runController()
 7 SYSTEMPATH\CodeIgniter.php(366): CodeIgniter\CodeIgniter->handleRequest()
 8 FCPATH\index.php(67): CodeIgniter\CodeIgniter->run()
 9 SYSTEMPATH\Commands\Server\rewrite.php(47): require_once('C:\\Projects\\UA\\public\\index.php')
INFO - 2024-06-28 15:48:42 --> Session: Class initialized using 'CodeIgniter\Session\Handlers\FileHandler' driver.
ERROR - 2024-06-28 15:48:45 --> mysqli_sql_exception: Cannot delete or update a parent row: a foreign key constraint fails (`ua`.`rewards`, CONSTRAINT `user` FOREIGN KEY (`added_by`) REFERENCES `users_account` (`user_id`) ON DELETE RESTRICT ON UPDATE CASCADE) in C:\Projects\UA\system\Database\MySQLi\Connection.php:295
Stack trace:
#0 C:\Projects\UA\system\Database\MySQLi\Connection.php(295): mysqli->query()
#1 C:\Projects\UA\system\Database\BaseConnection.php(692): CodeIgniter\Database\MySQLi\Connection->execute()
#2 C:\Projects\UA\system\Database\BaseConnection.php(606): CodeIgniter\Database\BaseConnection->simpleQuery()
#3 C:\Projects\UA\system\Database\BaseBuilder.php(2791): CodeIgniter\Database\BaseConnection->query()
#4 C:\Projects\UA\system\Model.php(456): CodeIgniter\Database\BaseBuilder->delete()
#5 C:\Projects\UA\system\BaseModel.php(1065): CodeIgniter\Model->doDelete()
#6 C:\Projects\UA\app\Models\UsersAccountModel.php(67): CodeIgniter\BaseModel->delete()
#7 C:\Projects\UA\app\Controllers\AdminController.php(341): App\Models\UsersAccountModel->DeleteRecords()
#8 C:\Projects\UA\system\CodeIgniter.php(932): App\Controllers\AdminController->DeleteAdminAccount()
#9 C:\Projects\UA\system\CodeIgniter.php(497): CodeIgniter\CodeIgniter->runController()
#10 C:\Projects\UA\system\CodeIgniter.php(366): CodeIgniter\CodeIgniter->handleRequest()
#11 C:\Projects\UA\public\index.php(67): CodeIgniter\CodeIgniter->run()
#12 C:\Projects\UA\system\Commands\Server\rewrite.php(47): require_once('...')
#13 {main}
CRITICAL - 2024-06-28 15:48:45 --> Cannot delete or update a parent row: a foreign key constraint fails (`ua`.`rewards`, CONSTRAINT `user` FOREIGN KEY (`added_by`) REFERENCES `users_account` (`user_id`) ON DELETE RESTRICT ON UPDATE CASCADE)
in SYSTEMPATH\Database\MySQLi\Connection.php on line 295.
 1 SYSTEMPATH\Database\MySQLi\Connection.php(295): mysqli->query()
 2 SYSTEMPATH\Database\BaseConnection.php(692): CodeIgniter\Database\MySQLi\Connection->execute()
 3 SYSTEMPATH\Database\BaseConnection.php(606): CodeIgniter\Database\BaseConnection->simpleQuery()
 4 SYSTEMPATH\Database\BaseBuilder.php(2791): CodeIgniter\Database\BaseConnection->query()
 5 SYSTEMPATH\Model.php(456): CodeIgniter\Database\BaseBuilder->delete()
 6 SYSTEMPATH\BaseModel.php(1065): CodeIgniter\Model->doDelete()
 7 APPPATH\Models\UsersAccountModel.php(67): CodeIgniter\BaseModel->delete()
 8 APPPATH\Controllers\AdminController.php(341): App\Models\UsersAccountModel->DeleteRecords()
 9 SYSTEMPATH\CodeIgniter.php(932): App\Controllers\AdminController->DeleteAdminAccount()
10 SYSTEMPATH\CodeIgniter.php(497): CodeIgniter\CodeIgniter->runController()
11 SYSTEMPATH\CodeIgniter.php(366): CodeIgniter\CodeIgniter->handleRequest()
12 FCPATH\index.php(67): CodeIgniter\CodeIgniter->run()
13 SYSTEMPATH\Commands\Server\rewrite.php(47): require_once('C:\\Projects\\UA\\public\\index.php')
ERROR - 2024-06-28 15:49:27 --> mysqli_sql_exception: Cannot delete or update a parent row: a foreign key constraint fails (`ua`.`rewards`, CONSTRAINT `user` FOREIGN KEY (`added_by`) REFERENCES `users_account` (`user_id`) ON DELETE RESTRICT ON UPDATE CASCADE) in C:\Projects\UA\system\Database\MySQLi\Connection.php:295
Stack trace:
#0 C:\Projects\UA\system\Database\MySQLi\Connection.php(295): mysqli->query()
#1 C:\Projects\UA\system\Database\BaseConnection.php(692): CodeIgniter\Database\MySQLi\Connection->execute()
#2 C:\Projects\UA\system\Database\BaseConnection.php(606): CodeIgniter\Database\BaseConnection->simpleQuery()
#3 C:\Projects\UA\system\Database\BaseBuilder.php(2791): CodeIgniter\Database\BaseConnection->query()
#4 C:\Projects\UA\system\Model.php(456): CodeIgniter\Database\BaseBuilder->delete()
#5 C:\Projects\UA\system\BaseModel.php(1065): CodeIgniter\Model->doDelete()
#6 C:\Projects\UA\app\Models\UsersAccountModel.php(67): CodeIgniter\BaseModel->delete()
#7 C:\Projects\UA\app\Controllers\AdminController.php(341): App\Models\UsersAccountModel->DeleteRecords()
#8 C:\Projects\UA\system\CodeIgniter.php(932): App\Controllers\AdminController->DeleteAdminAccount()
#9 C:\Projects\UA\system\CodeIgniter.php(497): CodeIgniter\CodeIgniter->runController()
#10 C:\Projects\UA\system\CodeIgniter.php(366): CodeIgniter\CodeIgniter->handleRequest()
#11 C:\Projects\UA\public\index.php(67): CodeIgniter\CodeIgniter->run()
#12 C:\Projects\UA\system\Commands\Server\rewrite.php(47): require_once('...')
#13 {main}
CRITICAL - 2024-06-28 15:49:27 --> Cannot delete or update a parent row: a foreign key constraint fails (`ua`.`rewards`, CONSTRAINT `user` FOREIGN KEY (`added_by`) REFERENCES `users_account` (`user_id`) ON DELETE RESTRICT ON UPDATE CASCADE)
in SYSTEMPATH\Database\MySQLi\Connection.php on line 295.
 1 SYSTEMPATH\Database\MySQLi\Connection.php(295): mysqli->query()
 2 SYSTEMPATH\Database\BaseConnection.php(692): CodeIgniter\Database\MySQLi\Connection->execute()
 3 SYSTEMPATH\Database\BaseConnection.php(606): CodeIgniter\Database\BaseConnection->simpleQuery()
 4 SYSTEMPATH\Database\BaseBuilder.php(2791): CodeIgniter\Database\BaseConnection->query()
 5 SYSTEMPATH\Model.php(456): CodeIgniter\Database\BaseBuilder->delete()
 6 SYSTEMPATH\BaseModel.php(1065): CodeIgniter\Model->doDelete()
 7 APPPATH\Models\UsersAccountModel.php(67): CodeIgniter\BaseModel->delete()
 8 APPPATH\Controllers\AdminController.php(341): App\Models\UsersAccountModel->DeleteRecords()
 9 SYSTEMPATH\CodeIgniter.php(932): App\Controllers\AdminController->DeleteAdminAccount()
10 SYSTEMPATH\CodeIgniter.php(497): CodeIgniter\CodeIgniter->runController()
11 SYSTEMPATH\CodeIgniter.php(366): CodeIgniter\CodeIgniter->handleRequest()
12 FCPATH\index.php(67): CodeIgniter\CodeIgniter->run()
13 SYSTEMPATH\Commands\Server\rewrite.php(47): require_once('C:\\Projects\\UA\\public\\index.php')
INFO - 2024-06-28 15:49:37 --> Session: Class initialized using 'CodeIgniter\Session\Handlers\FileHandler' driver.
ERROR - 2024-06-28 15:49:49 --> mysqli_sql_exception: Cannot delete or update a parent row: a foreign key constraint fails (`ua`.`rewards`, CONSTRAINT `user` FOREIGN KEY (`added_by`) REFERENCES `users_account` (`user_id`) ON DELETE RESTRICT ON UPDATE CASCADE) in C:\Projects\UA\system\Database\MySQLi\Connection.php:295
Stack trace:
#0 C:\Projects\UA\system\Database\MySQLi\Connection.php(295): mysqli->query()
#1 C:\Projects\UA\system\Database\BaseConnection.php(692): CodeIgniter\Database\MySQLi\Connection->execute()
#2 C:\Projects\UA\system\Database\BaseConnection.php(606): CodeIgniter\Database\BaseConnection->simpleQuery()
#3 C:\Projects\UA\system\Database\BaseBuilder.php(2791): CodeIgniter\Database\BaseConnection->query()
#4 C:\Projects\UA\system\Model.php(456): CodeIgniter\Database\BaseBuilder->delete()
#5 C:\Projects\UA\system\BaseModel.php(1065): CodeIgniter\Model->doDelete()
#6 C:\Projects\UA\app\Models\UsersAccountModel.php(67): CodeIgniter\BaseModel->delete()
#7 C:\Projects\UA\app\Controllers\AdminController.php(341): App\Models\UsersAccountModel->DeleteRecords()
#8 C:\Projects\UA\system\CodeIgniter.php(932): App\Controllers\AdminController->DeleteAdminAccount()
#9 C:\Projects\UA\system\CodeIgniter.php(497): CodeIgniter\CodeIgniter->runController()
#10 C:\Projects\UA\system\CodeIgniter.php(366): CodeIgniter\CodeIgniter->handleRequest()
#11 C:\Projects\UA\public\index.php(67): CodeIgniter\CodeIgniter->run()
#12 C:\Projects\UA\system\Commands\Server\rewrite.php(47): require_once('...')
#13 {main}
CRITICAL - 2024-06-28 15:49:49 --> Cannot delete or update a parent row: a foreign key constraint fails (`ua`.`rewards`, CONSTRAINT `user` FOREIGN KEY (`added_by`) REFERENCES `users_account` (`user_id`) ON DELETE RESTRICT ON UPDATE CASCADE)
in SYSTEMPATH\Database\MySQLi\Connection.php on line 295.
 1 SYSTEMPATH\Database\MySQLi\Connection.php(295): mysqli->query()
 2 SYSTEMPATH\Database\BaseConnection.php(692): CodeIgniter\Database\MySQLi\Connection->execute()
 3 SYSTEMPATH\Database\BaseConnection.php(606): CodeIgniter\Database\BaseConnection->simpleQuery()
 4 SYSTEMPATH\Database\BaseBuilder.php(2791): CodeIgniter\Database\BaseConnection->query()
 5 SYSTEMPATH\Model.php(456): CodeIgniter\Database\BaseBuilder->delete()
 6 SYSTEMPATH\BaseModel.php(1065): CodeIgniter\Model->doDelete()
 7 APPPATH\Models\UsersAccountModel.php(67): CodeIgniter\BaseModel->delete()
 8 APPPATH\Controllers\AdminController.php(341): App\Models\UsersAccountModel->DeleteRecords()
 9 SYSTEMPATH\CodeIgniter.php(932): App\Controllers\AdminController->DeleteAdminAccount()
10 SYSTEMPATH\CodeIgniter.php(497): CodeIgniter\CodeIgniter->runController()
11 SYSTEMPATH\CodeIgniter.php(366): CodeIgniter\CodeIgniter->handleRequest()
12 FCPATH\index.php(67): CodeIgniter\CodeIgniter->run()
13 SYSTEMPATH\Commands\Server\rewrite.php(47): require_once('C:\\Projects\\UA\\public\\index.php')
ERROR - 2024-06-28 15:51:40 --> mysqli_sql_exception: Cannot delete or update a parent row: a foreign key constraint fails (`ua`.`rewards`, CONSTRAINT `user` FOREIGN KEY (`added_by`) REFERENCES `users_account` (`user_id`) ON DELETE RESTRICT ON UPDATE CASCADE) in C:\Projects\UA\system\Database\MySQLi\Connection.php:295
Stack trace:
#0 C:\Projects\UA\system\Database\MySQLi\Connection.php(295): mysqli->query()
#1 C:\Projects\UA\system\Database\BaseConnection.php(692): CodeIgniter\Database\MySQLi\Connection->execute()
#2 C:\Projects\UA\system\Database\BaseConnection.php(606): CodeIgniter\Database\BaseConnection->simpleQuery()
#3 C:\Projects\UA\system\Database\BaseBuilder.php(2791): CodeIgniter\Database\BaseConnection->query()
#4 C:\Projects\UA\system\Model.php(456): CodeIgniter\Database\BaseBuilder->delete()
#5 C:\Projects\UA\system\BaseModel.php(1065): CodeIgniter\Model->doDelete()
#6 C:\Projects\UA\app\Models\UsersAccountModel.php(67): CodeIgniter\BaseModel->delete()
#7 C:\Projects\UA\app\Controllers\AdminController.php(341): App\Models\UsersAccountModel->DeleteRecords()
#8 C:\Projects\UA\system\CodeIgniter.php(932): App\Controllers\AdminController->DeleteAdminAccount()
#9 C:\Projects\UA\system\CodeIgniter.php(497): CodeIgniter\CodeIgniter->runController()
#10 C:\Projects\UA\system\CodeIgniter.php(366): CodeIgniter\CodeIgniter->handleRequest()
#11 C:\Projects\UA\public\index.php(67): CodeIgniter\CodeIgniter->run()
#12 C:\Projects\UA\system\Commands\Server\rewrite.php(47): require_once('...')
#13 {main}
CRITICAL - 2024-06-28 15:51:40 --> Cannot delete or update a parent row: a foreign key constraint fails (`ua`.`rewards`, CONSTRAINT `user` FOREIGN KEY (`added_by`) REFERENCES `users_account` (`user_id`) ON DELETE RESTRICT ON UPDATE CASCADE)
in SYSTEMPATH\Database\MySQLi\Connection.php on line 295.
 1 SYSTEMPATH\Database\MySQLi\Connection.php(295): mysqli->query()
 2 SYSTEMPATH\Database\BaseConnection.php(692): CodeIgniter\Database\MySQLi\Connection->execute()
 3 SYSTEMPATH\Database\BaseConnection.php(606): CodeIgniter\Database\BaseConnection->simpleQuery()
 4 SYSTEMPATH\Database\BaseBuilder.php(2791): CodeIgniter\Database\BaseConnection->query()
 5 SYSTEMPATH\Model.php(456): CodeIgniter\Database\BaseBuilder->delete()
 6 SYSTEMPATH\BaseModel.php(1065): CodeIgniter\Model->doDelete()
 7 APPPATH\Models\UsersAccountModel.php(67): CodeIgniter\BaseModel->delete()
 8 APPPATH\Controllers\AdminController.php(341): App\Models\UsersAccountModel->DeleteRecords()
 9 SYSTEMPATH\CodeIgniter.php(932): App\Controllers\AdminController->DeleteAdminAccount()
10 SYSTEMPATH\CodeIgniter.php(497): CodeIgniter\CodeIgniter->runController()
11 SYSTEMPATH\CodeIgniter.php(366): CodeIgniter\CodeIgniter->handleRequest()
12 FCPATH\index.php(67): CodeIgniter\CodeIgniter->run()
13 SYSTEMPATH\Commands\Server\rewrite.php(47): require_once('C:\\Projects\\UA\\public\\index.php')
INFO - 2024-06-28 15:51:42 --> Session: Class initialized using 'CodeIgniter\Session\Handlers\FileHandler' driver.
INFO - 2024-06-28 15:51:43 --> Session: Class initialized using 'CodeIgniter\Session\Handlers\FileHandler' driver.
ERROR - 2024-06-28 15:51:46 --> mysqli_sql_exception: Cannot delete or update a parent row: a foreign key constraint fails (`ua`.`rewards`, CONSTRAINT `user` FOREIGN KEY (`added_by`) REFERENCES `users_account` (`user_id`) ON DELETE RESTRICT ON UPDATE CASCADE) in C:\Projects\UA\system\Database\MySQLi\Connection.php:295
Stack trace:
#0 C:\Projects\UA\system\Database\MySQLi\Connection.php(295): mysqli->query()
#1 C:\Projects\UA\system\Database\BaseConnection.php(692): CodeIgniter\Database\MySQLi\Connection->execute()
#2 C:\Projects\UA\system\Database\BaseConnection.php(606): CodeIgniter\Database\BaseConnection->simpleQuery()
#3 C:\Projects\UA\system\Database\BaseBuilder.php(2791): CodeIgniter\Database\BaseConnection->query()
#4 C:\Projects\UA\system\Model.php(456): CodeIgniter\Database\BaseBuilder->delete()
#5 C:\Projects\UA\system\BaseModel.php(1065): CodeIgniter\Model->doDelete()
#6 C:\Projects\UA\app\Models\UsersAccountModel.php(67): CodeIgniter\BaseModel->delete()
#7 C:\Projects\UA\app\Controllers\AdminController.php(341): App\Models\UsersAccountModel->DeleteRecords()
#8 C:\Projects\UA\system\CodeIgniter.php(932): App\Controllers\AdminController->DeleteAdminAccount()
#9 C:\Projects\UA\system\CodeIgniter.php(497): CodeIgniter\CodeIgniter->runController()
#10 C:\Projects\UA\system\CodeIgniter.php(366): CodeIgniter\CodeIgniter->handleRequest()
#11 C:\Projects\UA\public\index.php(67): CodeIgniter\CodeIgniter->run()
#12 C:\Projects\UA\system\Commands\Server\rewrite.php(47): require_once('...')
#13 {main}
CRITICAL - 2024-06-28 15:51:46 --> Cannot delete or update a parent row: a foreign key constraint fails (`ua`.`rewards`, CONSTRAINT `user` FOREIGN KEY (`added_by`) REFERENCES `users_account` (`user_id`) ON DELETE RESTRICT ON UPDATE CASCADE)
in SYSTEMPATH\Database\MySQLi\Connection.php on line 295.
 1 SYSTEMPATH\Database\MySQLi\Connection.php(295): mysqli->query()
 2 SYSTEMPATH\Database\BaseConnection.php(692): CodeIgniter\Database\MySQLi\Connection->execute()
 3 SYSTEMPATH\Database\BaseConnection.php(606): CodeIgniter\Database\BaseConnection->simpleQuery()
 4 SYSTEMPATH\Database\BaseBuilder.php(2791): CodeIgniter\Database\BaseConnection->query()
 5 SYSTEMPATH\Model.php(456): CodeIgniter\Database\BaseBuilder->delete()
 6 SYSTEMPATH\BaseModel.php(1065): CodeIgniter\Model->doDelete()
 7 APPPATH\Models\UsersAccountModel.php(67): CodeIgniter\BaseModel->delete()
 8 APPPATH\Controllers\AdminController.php(341): App\Models\UsersAccountModel->DeleteRecords()
 9 SYSTEMPATH\CodeIgniter.php(932): App\Controllers\AdminController->DeleteAdminAccount()
10 SYSTEMPATH\CodeIgniter.php(497): CodeIgniter\CodeIgniter->runController()
11 SYSTEMPATH\CodeIgniter.php(366): CodeIgniter\CodeIgniter->handleRequest()
12 FCPATH\index.php(67): CodeIgniter\CodeIgniter->run()
13 SYSTEMPATH\Commands\Server\rewrite.php(47): require_once('C:\\Projects\\UA\\public\\index.php')
ERROR - 2024-06-28 15:51:57 --> mysqli_sql_exception: Cannot delete or update a parent row: a foreign key constraint fails (`ua`.`rewards`, CONSTRAINT `user` FOREIGN KEY (`added_by`) REFERENCES `users_account` (`user_id`) ON DELETE RESTRICT ON UPDATE CASCADE) in C:\Projects\UA\system\Database\MySQLi\Connection.php:295
Stack trace:
#0 C:\Projects\UA\system\Database\MySQLi\Connection.php(295): mysqli->query()
#1 C:\Projects\UA\system\Database\BaseConnection.php(692): CodeIgniter\Database\MySQLi\Connection->execute()
#2 C:\Projects\UA\system\Database\BaseConnection.php(606): CodeIgniter\Database\BaseConnection->simpleQuery()
#3 C:\Projects\UA\system\Database\BaseBuilder.php(2791): CodeIgniter\Database\BaseConnection->query()
#4 C:\Projects\UA\system\Model.php(456): CodeIgniter\Database\BaseBuilder->delete()
#5 C:\Projects\UA\system\BaseModel.php(1065): CodeIgniter\Model->doDelete()
#6 C:\Projects\UA\app\Models\UsersAccountModel.php(67): CodeIgniter\BaseModel->delete()
#7 C:\Projects\UA\app\Controllers\AdminController.php(341): App\Models\UsersAccountModel->DeleteRecords()
#8 C:\Projects\UA\system\CodeIgniter.php(932): App\Controllers\AdminController->DeleteAdminAccount()
#9 C:\Projects\UA\system\CodeIgniter.php(497): CodeIgniter\CodeIgniter->runController()
#10 C:\Projects\UA\system\CodeIgniter.php(366): CodeIgniter\CodeIgniter->handleRequest()
#11 C:\Projects\UA\public\index.php(67): CodeIgniter\CodeIgniter->run()
#12 C:\Projects\UA\system\Commands\Server\rewrite.php(47): require_once('...')
#13 {main}
CRITICAL - 2024-06-28 15:51:57 --> Cannot delete or update a parent row: a foreign key constraint fails (`ua`.`rewards`, CONSTRAINT `user` FOREIGN KEY (`added_by`) REFERENCES `users_account` (`user_id`) ON DELETE RESTRICT ON UPDATE CASCADE)
in SYSTEMPATH\Database\MySQLi\Connection.php on line 295.
 1 SYSTEMPATH\Database\MySQLi\Connection.php(295): mysqli->query()
 2 SYSTEMPATH\Database\BaseConnection.php(692): CodeIgniter\Database\MySQLi\Connection->execute()
 3 SYSTEMPATH\Database\BaseConnection.php(606): CodeIgniter\Database\BaseConnection->simpleQuery()
 4 SYSTEMPATH\Database\BaseBuilder.php(2791): CodeIgniter\Database\BaseConnection->query()
 5 SYSTEMPATH\Model.php(456): CodeIgniter\Database\BaseBuilder->delete()
 6 SYSTEMPATH\BaseModel.php(1065): CodeIgniter\Model->doDelete()
 7 APPPATH\Models\UsersAccountModel.php(67): CodeIgniter\BaseModel->delete()
 8 APPPATH\Controllers\AdminController.php(341): App\Models\UsersAccountModel->DeleteRecords()
 9 SYSTEMPATH\CodeIgniter.php(932): App\Controllers\AdminController->DeleteAdminAccount()
10 SYSTEMPATH\CodeIgniter.php(497): CodeIgniter\CodeIgniter->runController()
11 SYSTEMPATH\CodeIgniter.php(366): CodeIgniter\CodeIgniter->handleRequest()
12 FCPATH\index.php(67): CodeIgniter\CodeIgniter->run()
13 SYSTEMPATH\Commands\Server\rewrite.php(47): require_once('C:\\Projects\\UA\\public\\index.php')
INFO - 2024-06-28 15:52:52 --> Session: Class initialized using 'CodeIgniter\Session\Handlers\FileHandler' driver.
INFO - 2024-06-28 15:52:55 --> Session: Class initialized using 'CodeIgniter\Session\Handlers\FileHandler' driver.
INFO - 2024-06-28 15:52:55 --> Session: Class initialized using 'CodeIgniter\Session\Handlers\FileHandler' driver.
INFO - 2024-06-28 15:52:57 --> Session: Class initialized using 'CodeIgniter\Session\Handlers\FileHandler' driver.
INFO - 2024-06-28 15:52:57 --> Session: Class initialized using 'CodeIgniter\Session\Handlers\FileHandler' driver.
ERROR - 2024-06-28 16:07:17 --> mysqli_sql_exception: Cannot delete or update a parent row: a foreign key constraint fails (`ua`.`rewards`, CONSTRAINT `user` FOREIGN KEY (`added_by`) REFERENCES `users_account` (`user_id`)) in C:\Projects\UA\system\Database\MySQLi\Connection.php:295
Stack trace:
#0 C:\Projects\UA\system\Database\MySQLi\Connection.php(295): mysqli->query()
#1 C:\Projects\UA\system\Database\BaseConnection.php(692): CodeIgniter\Database\MySQLi\Connection->execute()
#2 C:\Projects\UA\system\Database\BaseConnection.php(606): CodeIgniter\Database\BaseConnection->simpleQuery()
#3 C:\Projects\UA\system\Database\BaseBuilder.php(2791): CodeIgniter\Database\BaseConnection->query()
#4 C:\Projects\UA\system\Model.php(456): CodeIgniter\Database\BaseBuilder->delete()
#5 C:\Projects\UA\system\BaseModel.php(1065): CodeIgniter\Model->doDelete()
#6 C:\Projects\UA\app\Models\UsersAccountModel.php(67): CodeIgniter\BaseModel->delete()
#7 C:\Projects\UA\app\Controllers\AdminController.php(341): App\Models\UsersAccountModel->DeleteRecords()
#8 C:\Projects\UA\system\CodeIgniter.php(932): App\Controllers\AdminController->DeleteAdminAccount()
#9 C:\Projects\UA\system\CodeIgniter.php(497): CodeIgniter\CodeIgniter->runController()
#10 C:\Projects\UA\system\CodeIgniter.php(366): CodeIgniter\CodeIgniter->handleRequest()
#11 C:\Projects\UA\public\index.php(67): CodeIgniter\CodeIgniter->run()
#12 C:\Projects\UA\system\Commands\Server\rewrite.php(47): require_once('...')
#13 {main}
CRITICAL - 2024-06-28 16:07:17 --> Cannot delete or update a parent row: a foreign key constraint fails (`ua`.`rewards`, CONSTRAINT `user` FOREIGN KEY (`added_by`) REFERENCES `users_account` (`user_id`))
in SYSTEMPATH\Database\MySQLi\Connection.php on line 295.
 1 SYSTEMPATH\Database\MySQLi\Connection.php(295): mysqli->query()
 2 SYSTEMPATH\Database\BaseConnection.php(692): CodeIgniter\Database\MySQLi\Connection->execute()
 3 SYSTEMPATH\Database\BaseConnection.php(606): CodeIgniter\Database\BaseConnection->simpleQuery()
 4 SYSTEMPATH\Database\BaseBuilder.php(2791): CodeIgniter\Database\BaseConnection->query()
 5 SYSTEMPATH\Model.php(456): CodeIgniter\Database\BaseBuilder->delete()
 6 SYSTEMPATH\BaseModel.php(1065): CodeIgniter\Model->doDelete()
 7 APPPATH\Models\UsersAccountModel.php(67): CodeIgniter\BaseModel->delete()
 8 APPPATH\Controllers\AdminController.php(341): App\Models\UsersAccountModel->DeleteRecords()
 9 SYSTEMPATH\CodeIgniter.php(932): App\Controllers\AdminController->DeleteAdminAccount()
10 SYSTEMPATH\CodeIgniter.php(497): CodeIgniter\CodeIgniter->runController()
11 SYSTEMPATH\CodeIgniter.php(366): CodeIgniter\CodeIgniter->handleRequest()
12 FCPATH\index.php(67): CodeIgniter\CodeIgniter->run()
13 SYSTEMPATH\Commands\Server\rewrite.php(47): require_once('C:\\Projects\\UA\\public\\index.php')
INFO - 2024-06-28 16:07:25 --> Session: Class initialized using 'CodeIgniter\Session\Handlers\FileHandler' driver.
INFO - 2024-06-28 16:07:27 --> Session: Class initialized using 'CodeIgniter\Session\Handlers\FileHandler' driver.
ERROR - 2024-06-28 16:07:29 --> mysqli_sql_exception: Cannot delete or update a parent row: a foreign key constraint fails (`ua`.`rewards`, CONSTRAINT `user` FOREIGN KEY (`added_by`) REFERENCES `users_account` (`user_id`)) in C:\Projects\UA\system\Database\MySQLi\Connection.php:295
Stack trace:
#0 C:\Projects\UA\system\Database\MySQLi\Connection.php(295): mysqli->query()
#1 C:\Projects\UA\system\Database\BaseConnection.php(692): CodeIgniter\Database\MySQLi\Connection->execute()
#2 C:\Projects\UA\system\Database\BaseConnection.php(606): CodeIgniter\Database\BaseConnection->simpleQuery()
#3 C:\Projects\UA\system\Database\BaseBuilder.php(2791): CodeIgniter\Database\BaseConnection->query()
#4 C:\Projects\UA\system\Model.php(456): CodeIgniter\Database\BaseBuilder->delete()
#5 C:\Projects\UA\system\BaseModel.php(1065): CodeIgniter\Model->doDelete()
#6 C:\Projects\UA\app\Models\UsersAccountModel.php(67): CodeIgniter\BaseModel->delete()
#7 C:\Projects\UA\app\Controllers\AdminController.php(341): App\Models\UsersAccountModel->DeleteRecords()
#8 C:\Projects\UA\system\CodeIgniter.php(932): App\Controllers\AdminController->DeleteAdminAccount()
#9 C:\Projects\UA\system\CodeIgniter.php(497): CodeIgniter\CodeIgniter->runController()
#10 C:\Projects\UA\system\CodeIgniter.php(366): CodeIgniter\CodeIgniter->handleRequest()
#11 C:\Projects\UA\public\index.php(67): CodeIgniter\CodeIgniter->run()
#12 C:\Projects\UA\system\Commands\Server\rewrite.php(47): require_once('...')
#13 {main}
CRITICAL - 2024-06-28 16:07:29 --> Cannot delete or update a parent row: a foreign key constraint fails (`ua`.`rewards`, CONSTRAINT `user` FOREIGN KEY (`added_by`) REFERENCES `users_account` (`user_id`))
in SYSTEMPATH\Database\MySQLi\Connection.php on line 295.
 1 SYSTEMPATH\Database\MySQLi\Connection.php(295): mysqli->query()
 2 SYSTEMPATH\Database\BaseConnection.php(692): CodeIgniter\Database\MySQLi\Connection->execute()
 3 SYSTEMPATH\Database\BaseConnection.php(606): CodeIgniter\Database\BaseConnection->simpleQuery()
 4 SYSTEMPATH\Database\BaseBuilder.php(2791): CodeIgniter\Database\BaseConnection->query()
 5 SYSTEMPATH\Model.php(456): CodeIgniter\Database\BaseBuilder->delete()
 6 SYSTEMPATH\BaseModel.php(1065): CodeIgniter\Model->doDelete()
 7 APPPATH\Models\UsersAccountModel.php(67): CodeIgniter\BaseModel->delete()
 8 APPPATH\Controllers\AdminController.php(341): App\Models\UsersAccountModel->DeleteRecords()
 9 SYSTEMPATH\CodeIgniter.php(932): App\Controllers\AdminController->DeleteAdminAccount()
10 SYSTEMPATH\CodeIgniter.php(497): CodeIgniter\CodeIgniter->runController()
11 SYSTEMPATH\CodeIgniter.php(366): CodeIgniter\CodeIgniter->handleRequest()
12 FCPATH\index.php(67): CodeIgniter\CodeIgniter->run()
13 SYSTEMPATH\Commands\Server\rewrite.php(47): require_once('C:\\Projects\\UA\\public\\index.php')
INFO - 2024-06-28 16:07:33 --> Session: Class initialized using 'CodeIgniter\Session\Handlers\FileHandler' driver.
ERROR - 2024-06-28 16:08:13 --> mysqli_sql_exception: Cannot delete or update a parent row: a foreign key constraint fails (`ua`.`rewards`, CONSTRAINT `user` FOREIGN KEY (`added_by`) REFERENCES `users_account` (`user_id`)) in C:\Projects\UA\system\Database\MySQLi\Connection.php:295
Stack trace:
#0 C:\Projects\UA\system\Database\MySQLi\Connection.php(295): mysqli->query()
#1 C:\Projects\UA\system\Database\BaseConnection.php(692): CodeIgniter\Database\MySQLi\Connection->execute()
#2 C:\Projects\UA\system\Database\BaseConnection.php(606): CodeIgniter\Database\BaseConnection->simpleQuery()
#3 C:\Projects\UA\system\Database\BaseBuilder.php(2791): CodeIgniter\Database\BaseConnection->query()
#4 C:\Projects\UA\system\Model.php(456): CodeIgniter\Database\BaseBuilder->delete()
#5 C:\Projects\UA\system\BaseModel.php(1065): CodeIgniter\Model->doDelete()
#6 C:\Projects\UA\app\Models\UsersAccountModel.php(67): CodeIgniter\BaseModel->delete()
#7 C:\Projects\UA\app\Controllers\AdminController.php(341): App\Models\UsersAccountModel->DeleteRecords()
#8 C:\Projects\UA\system\CodeIgniter.php(932): App\Controllers\AdminController->DeleteAdminAccount()
#9 C:\Projects\UA\system\CodeIgniter.php(497): CodeIgniter\CodeIgniter->runController()
#10 C:\Projects\UA\system\CodeIgniter.php(366): CodeIgniter\CodeIgniter->handleRequest()
#11 C:\Projects\UA\public\index.php(67): CodeIgniter\CodeIgniter->run()
#12 C:\Projects\UA\system\Commands\Server\rewrite.php(47): require_once('...')
#13 {main}
CRITICAL - 2024-06-28 16:08:13 --> Cannot delete or update a parent row: a foreign key constraint fails (`ua`.`rewards`, CONSTRAINT `user` FOREIGN KEY (`added_by`) REFERENCES `users_account` (`user_id`))
in SYSTEMPATH\Database\MySQLi\Connection.php on line 295.
 1 SYSTEMPATH\Database\MySQLi\Connection.php(295): mysqli->query()
 2 SYSTEMPATH\Database\BaseConnection.php(692): CodeIgniter\Database\MySQLi\Connection->execute()
 3 SYSTEMPATH\Database\BaseConnection.php(606): CodeIgniter\Database\BaseConnection->simpleQuery()
 4 SYSTEMPATH\Database\BaseBuilder.php(2791): CodeIgniter\Database\BaseConnection->query()
 5 SYSTEMPATH\Model.php(456): CodeIgniter\Database\BaseBuilder->delete()
 6 SYSTEMPATH\BaseModel.php(1065): CodeIgniter\Model->doDelete()
 7 APPPATH\Models\UsersAccountModel.php(67): CodeIgniter\BaseModel->delete()
 8 APPPATH\Controllers\AdminController.php(341): App\Models\UsersAccountModel->DeleteRecords()
 9 SYSTEMPATH\CodeIgniter.php(932): App\Controllers\AdminController->DeleteAdminAccount()
10 SYSTEMPATH\CodeIgniter.php(497): CodeIgniter\CodeIgniter->runController()
11 SYSTEMPATH\CodeIgniter.php(366): CodeIgniter\CodeIgniter->handleRequest()
12 FCPATH\index.php(67): CodeIgniter\CodeIgniter->run()
13 SYSTEMPATH\Commands\Server\rewrite.php(47): require_once('C:\\Projects\\UA\\public\\index.php')
INFO - 2024-06-28 16:08:18 --> Session: Class initialized using 'CodeIgniter\Session\Handlers\FileHandler' driver.
INFO - 2024-06-28 16:08:20 --> Session: Class initialized using 'CodeIgniter\Session\Handlers\FileHandler' driver.
ERROR - 2024-06-28 16:08:24 --> mysqli_sql_exception: Cannot delete or update a parent row: a foreign key constraint fails (`ua`.`rewards`, CONSTRAINT `user` FOREIGN KEY (`added_by`) REFERENCES `users_account` (`user_id`)) in C:\Projects\UA\system\Database\MySQLi\Connection.php:295
Stack trace:
#0 C:\Projects\UA\system\Database\MySQLi\Connection.php(295): mysqli->query()
#1 C:\Projects\UA\system\Database\BaseConnection.php(692): CodeIgniter\Database\MySQLi\Connection->execute()
#2 C:\Projects\UA\system\Database\BaseConnection.php(606): CodeIgniter\Database\BaseConnection->simpleQuery()
#3 C:\Projects\UA\system\Database\BaseBuilder.php(2791): CodeIgniter\Database\BaseConnection->query()
#4 C:\Projects\UA\system\Model.php(456): CodeIgniter\Database\BaseBuilder->delete()
#5 C:\Projects\UA\system\BaseModel.php(1065): CodeIgniter\Model->doDelete()
#6 C:\Projects\UA\app\Models\UsersAccountModel.php(67): CodeIgniter\BaseModel->delete()
#7 C:\Projects\UA\app\Controllers\AdminController.php(341): App\Models\UsersAccountModel->DeleteRecords()
#8 C:\Projects\UA\system\CodeIgniter.php(932): App\Controllers\AdminController->DeleteAdminAccount()
#9 C:\Projects\UA\system\CodeIgniter.php(497): CodeIgniter\CodeIgniter->runController()
#10 C:\Projects\UA\system\CodeIgniter.php(366): CodeIgniter\CodeIgniter->handleRequest()
#11 C:\Projects\UA\public\index.php(67): CodeIgniter\CodeIgniter->run()
#12 C:\Projects\UA\system\Commands\Server\rewrite.php(47): require_once('...')
#13 {main}
CRITICAL - 2024-06-28 16:08:24 --> Cannot delete or update a parent row: a foreign key constraint fails (`ua`.`rewards`, CONSTRAINT `user` FOREIGN KEY (`added_by`) REFERENCES `users_account` (`user_id`))
in SYSTEMPATH\Database\MySQLi\Connection.php on line 295.
 1 SYSTEMPATH\Database\MySQLi\Connection.php(295): mysqli->query()
 2 SYSTEMPATH\Database\BaseConnection.php(692): CodeIgniter\Database\MySQLi\Connection->execute()
 3 SYSTEMPATH\Database\BaseConnection.php(606): CodeIgniter\Database\BaseConnection->simpleQuery()
 4 SYSTEMPATH\Database\BaseBuilder.php(2791): CodeIgniter\Database\BaseConnection->query()
 5 SYSTEMPATH\Model.php(456): CodeIgniter\Database\BaseBuilder->delete()
 6 SYSTEMPATH\BaseModel.php(1065): CodeIgniter\Model->doDelete()
 7 APPPATH\Models\UsersAccountModel.php(67): CodeIgniter\BaseModel->delete()
 8 APPPATH\Controllers\AdminController.php(341): App\Models\UsersAccountModel->DeleteRecords()
 9 SYSTEMPATH\CodeIgniter.php(932): App\Controllers\AdminController->DeleteAdminAccount()
10 SYSTEMPATH\CodeIgniter.php(497): CodeIgniter\CodeIgniter->runController()
11 SYSTEMPATH\CodeIgniter.php(366): CodeIgniter\CodeIgniter->handleRequest()
12 FCPATH\index.php(67): CodeIgniter\CodeIgniter->run()
13 SYSTEMPATH\Commands\Server\rewrite.php(47): require_once('C:\\Projects\\UA\\public\\index.php')
INFO - 2024-06-28 16:08:46 --> Session: Class initialized using 'CodeIgniter\Session\Handlers\FileHandler' driver.
INFO - 2024-06-28 16:08:46 --> Session: Class initialized using 'CodeIgniter\Session\Handlers\FileHandler' driver.
INFO - 2024-06-28 16:08:52 --> Session: Class initialized using 'CodeIgniter\Session\Handlers\FileHandler' driver.
INFO - 2024-06-28 16:08:52 --> Session: Class initialized using 'CodeIgniter\Session\Handlers\FileHandler' driver.
INFO - 2024-06-28 16:08:59 --> Session: Class initialized using 'CodeIgniter\Session\Handlers\FileHandler' driver.
INFO - 2024-06-28 16:08:59 --> Session: Class initialized using 'CodeIgniter\Session\Handlers\FileHandler' driver.
INFO - 2024-06-28 16:09:10 --> Session: Class initialized using 'CodeIgniter\Session\Handlers\FileHandler' driver.
INFO - 2024-06-28 16:09:10 --> Session: Class initialized using 'CodeIgniter\Session\Handlers\FileHandler' driver.
INFO - 2024-06-28 22:05:18 --> Session: Class initialized using 'CodeIgniter\Session\Handlers\FileHandler' driver.
INFO - 2024-06-28 22:05:40 --> Session: Class initialized using 'CodeIgniter\Session\Handlers\FileHandler' driver.
