INFO - 2024-06-17 05:57:17 --> Session: Class initialized using 'CodeIgniter\Session\Handlers\FileHandler' driver.
INFO - 2024-06-17 05:57:42 --> Session: Class initialized using 'CodeIgniter\Session\Handlers\FileHandler' driver.
INFO - 2024-06-17 08:34:43 --> Session: Class initialized using 'CodeIgniter\Session\Handlers\FileHandler' driver.
INFO - 2024-06-17 08:34:46 --> Session: Class initialized using 'CodeIgniter\Session\Handlers\FileHandler' driver.
INFO - 2024-06-17 08:35:09 --> Session: Class initialized using 'CodeIgniter\Session\Handlers\FileHandler' driver.
INFO - 2024-06-17 08:35:16 --> Session: Class initialized using 'CodeIgniter\Session\Handlers\FileHandler' driver.
INFO - 2024-06-17 08:35:17 --> Session: Class initialized using 'CodeIgniter\Session\Handlers\FileHandler' driver.
INFO - 2024-06-17 08:35:18 --> Session: Class initialized using 'CodeIgniter\Session\Handlers\FileHandler' driver.
INFO - 2024-06-17 08:35:19 --> Session: Class initialized using 'CodeIgniter\Session\Handlers\FileHandler' driver.
INFO - 2024-06-17 08:36:53 --> Session: Class initialized using 'CodeIgniter\Session\Handlers\FileHandler' driver.
INFO - 2024-06-17 08:37:11 --> Session: Class initialized using 'CodeIgniter\Session\Handlers\FileHandler' driver.
INFO - 2024-06-17 09:10:15 --> Session: Class initialized using 'CodeIgniter\Session\Handlers\FileHandler' driver.
INFO - 2024-06-17 09:30:50 --> Session: Class initialized using 'CodeIgniter\Session\Handlers\FileHandler' driver.
INFO - 2024-06-17 09:32:13 --> Session: Class initialized using 'CodeIgniter\Session\Handlers\FileHandler' driver.
INFO - 2024-06-17 09:33:12 --> Session: Class initialized using 'CodeIgniter\Session\Handlers\FileHandler' driver.
INFO - 2024-06-17 09:33:22 --> Session: Class initialized using 'CodeIgniter\Session\Handlers\FileHandler' driver.
INFO - 2024-06-17 09:35:42 --> Session: Class initialized using 'CodeIgniter\Session\Handlers\FileHandler' driver.
CRITICAL - 2024-06-17 09:36:20 --> Undefined variable $UsersModel
in APPPATH\Controllers\AdminController.php on line 35.
 1 APPPATH\Controllers\AdminController.php(35): CodeIgniter\Debug\Exceptions->errorHandler()
 2 SYSTEMPATH\CodeIgniter.php(932): App\Controllers\AdminController->AddAccounts()
 3 SYSTEMPATH\CodeIgniter.php(497): CodeIgniter\CodeIgniter->runController()
 4 SYSTEMPATH\CodeIgniter.php(366): CodeIgniter\CodeIgniter->handleRequest()
 5 FCPATH\index.php(67): CodeIgniter\CodeIgniter->run()
 6 SYSTEMPATH\Commands\Server\rewrite.php(47): require_once('C:\\Projects\\UA\\public\\index.php')
ERROR - 2024-06-17 09:36:29 --> Error connecting to the database: mysqli_sql_exception: Access denied for user ''@'localhost' (using password: NO) in C:\Projects\UA\system\Database\MySQLi\Connection.php:173
Stack trace:
#0 C:\Projects\UA\system\Database\MySQLi\Connection.php(173): mysqli->real_connect()
#1 C:\Projects\UA\system\Database\BaseConnection.php(391): CodeIgniter\Database\MySQLi\Connection->connect()
#2 C:\Projects\UA\system\Database\BaseConnection.php(574): CodeIgniter\Database\BaseConnection->initialize()
#3 C:\Projects\UA\system\Database\BaseBuilder.php(2309): CodeIgniter\Database\BaseConnection->query()
#4 C:\Projects\UA\system\Model.php(330): CodeIgniter\Database\BaseBuilder->insert()
#5 C:\Projects\UA\system\BaseModel.php(782): CodeIgniter\Model->doInsert()
#6 C:\Projects\UA\system\Model.php(730): CodeIgniter\BaseModel->insert()
#7 C:\Projects\UA\app\Models\PersonsModel.php(51): CodeIgniter\Model->insert()
#8 C:\Projects\UA\app\Controllers\AdminController.php(35): App\Models\PersonsModel->CreateRecords()
#9 C:\Projects\UA\system\CodeIgniter.php(932): App\Controllers\AdminController->AddAccounts()
#10 C:\Projects\UA\system\CodeIgniter.php(497): CodeIgniter\CodeIgniter->runController()
#11 C:\Projects\UA\system\CodeIgniter.php(366): CodeIgniter\CodeIgniter->handleRequest()
#12 C:\Projects\UA\public\index.php(67): CodeIgniter\CodeIgniter->run()
#13 C:\Projects\UA\system\Commands\Server\rewrite.php(47): require_once('...')
#14 {main}

Next CodeIgniter\Database\Exceptions\DatabaseException: Access denied for user ''@'localhost' (using password: NO) in C:\Projects\UA\system\Database\MySQLi\Connection.php:218
Stack trace:
#0 C:\Projects\UA\system\Database\BaseConnection.php(391): CodeIgniter\Database\MySQLi\Connection->connect()
#1 C:\Projects\UA\system\Database\BaseConnection.php(574): CodeIgniter\Database\BaseConnection->initialize()
#2 C:\Projects\UA\system\Database\BaseBuilder.php(2309): CodeIgniter\Database\BaseConnection->query()
#3 C:\Projects\UA\system\Model.php(330): CodeIgniter\Database\BaseBuilder->insert()
#4 C:\Projects\UA\system\BaseModel.php(782): CodeIgniter\Model->doInsert()
#5 C:\Projects\UA\system\Model.php(730): CodeIgniter\BaseModel->insert()
#6 C:\Projects\UA\app\Models\PersonsModel.php(51): CodeIgniter\Model->insert()
#7 C:\Projects\UA\app\Controllers\AdminController.php(35): App\Models\PersonsModel->CreateRecords()
#8 C:\Projects\UA\system\CodeIgniter.php(932): App\Controllers\AdminController->AddAccounts()
#9 C:\Projects\UA\system\CodeIgniter.php(497): CodeIgniter\CodeIgniter->runController()
#10 C:\Projects\UA\system\CodeIgniter.php(366): CodeIgniter\CodeIgniter->handleRequest()
#11 C:\Projects\UA\public\index.php(67): CodeIgniter\CodeIgniter->run()
#12 C:\Projects\UA\system\Commands\Server\rewrite.php(47): require_once('...')
#13 {main}
CRITICAL - 2024-06-17 09:36:29 --> Unable to connect to the database.
Main connection [MySQLi]: Access denied for user ''@'localhost' (using password: NO)
in SYSTEMPATH\Database\BaseConnection.php on line 427.
 1 SYSTEMPATH\Database\BaseConnection.php(574): CodeIgniter\Database\BaseConnection->initialize()
 2 SYSTEMPATH\Database\BaseBuilder.php(2309): CodeIgniter\Database\BaseConnection->query()
 3 SYSTEMPATH\Model.php(330): CodeIgniter\Database\BaseBuilder->insert()
 4 SYSTEMPATH\BaseModel.php(782): CodeIgniter\Model->doInsert()
 5 SYSTEMPATH\Model.php(730): CodeIgniter\BaseModel->insert()
 6 APPPATH\Models\PersonsModel.php(51): CodeIgniter\Model->insert()
 7 APPPATH\Controllers\AdminController.php(35): App\Models\PersonsModel->CreateRecords()
 8 SYSTEMPATH\CodeIgniter.php(932): App\Controllers\AdminController->AddAccounts()
 9 SYSTEMPATH\CodeIgniter.php(497): CodeIgniter\CodeIgniter->runController()
10 SYSTEMPATH\CodeIgniter.php(366): CodeIgniter\CodeIgniter->handleRequest()
11 FCPATH\index.php(67): CodeIgniter\CodeIgniter->run()
12 SYSTEMPATH\Commands\Server\rewrite.php(47): require_once('C:\\Projects\\UA\\public\\index.php')
INFO - 2024-06-17 09:37:31 --> Session: Class initialized using 'CodeIgniter\Session\Handlers\FileHandler' driver.
INFO - 2024-06-17 09:37:31 --> Session: Class initialized using 'CodeIgniter\Session\Handlers\FileHandler' driver.
INFO - 2024-06-17 09:45:45 --> Session: Class initialized using 'CodeIgniter\Session\Handlers\FileHandler' driver.
INFO - 2024-06-17 09:59:44 --> Session: Class initialized using 'CodeIgniter\Session\Handlers\FileHandler' driver.
INFO - 2024-06-17 10:02:38 --> Session: Class initialized using 'CodeIgniter\Session\Handlers\FileHandler' driver.
INFO - 2024-06-17 10:02:42 --> Session: Class initialized using 'CodeIgniter\Session\Handlers\FileHandler' driver.
INFO - 2024-06-17 10:02:42 --> Session: Class initialized using 'CodeIgniter\Session\Handlers\FileHandler' driver.
INFO - 2024-06-17 10:03:16 --> Session: Class initialized using 'CodeIgniter\Session\Handlers\FileHandler' driver.
INFO - 2024-06-17 10:03:16 --> Session: Class initialized using 'CodeIgniter\Session\Handlers\FileHandler' driver.
INFO - 2024-06-17 10:03:28 --> Session: Class initialized using 'CodeIgniter\Session\Handlers\FileHandler' driver.
INFO - 2024-06-17 10:03:28 --> Session: Class initialized using 'CodeIgniter\Session\Handlers\FileHandler' driver.
INFO - 2024-06-17 10:12:13 --> Session: Class initialized using 'CodeIgniter\Session\Handlers\FileHandler' driver.
INFO - 2024-06-17 10:12:28 --> Session: Class initialized using 'CodeIgniter\Session\Handlers\FileHandler' driver.
CRITICAL - 2024-06-17 10:12:32 --> Call to undefined method App\Models\PersonsModel::DeleteUser
in SYSTEMPATH\Model.php on line 838.
 1 APPPATH\Controllers\AdminController.php(77): CodeIgniter\Model->__call()
 2 SYSTEMPATH\CodeIgniter.php(932): App\Controllers\AdminController->DeleteAccount()
 3 SYSTEMPATH\CodeIgniter.php(497): CodeIgniter\CodeIgniter->runController()
 4 SYSTEMPATH\CodeIgniter.php(366): CodeIgniter\CodeIgniter->handleRequest()
 5 FCPATH\index.php(67): CodeIgniter\CodeIgniter->run()
 6 SYSTEMPATH\Commands\Server\rewrite.php(47): require_once('C:\\Projects\\UA\\public\\index.php')
INFO - 2024-06-17 10:12:49 --> Session: Class initialized using 'CodeIgniter\Session\Handlers\FileHandler' driver.
INFO - 2024-06-17 10:12:49 --> Session: Class initialized using 'CodeIgniter\Session\Handlers\FileHandler' driver.
INFO - 2024-06-17 10:13:13 --> Session: Class initialized using 'CodeIgniter\Session\Handlers\FileHandler' driver.
INFO - 2024-06-17 10:13:13 --> Session: Class initialized using 'CodeIgniter\Session\Handlers\FileHandler' driver.
INFO - 2024-06-17 10:13:15 --> Session: Class initialized using 'CodeIgniter\Session\Handlers\FileHandler' driver.
INFO - 2024-06-17 10:13:15 --> Session: Class initialized using 'CodeIgniter\Session\Handlers\FileHandler' driver.
INFO - 2024-06-17 10:13:36 --> Session: Class initialized using 'CodeIgniter\Session\Handlers\FileHandler' driver.
INFO - 2024-06-17 10:13:38 --> Session: Class initialized using 'CodeIgniter\Session\Handlers\FileHandler' driver.
INFO - 2024-06-17 10:13:41 --> Session: Class initialized using 'CodeIgniter\Session\Handlers\FileHandler' driver.
INFO - 2024-06-17 10:27:08 --> Session: Class initialized using 'CodeIgniter\Session\Handlers\FileHandler' driver.
ERROR - 2024-06-17 10:27:34 --> mysqli_sql_exception: Cannot add or update a child row: a foreign key constraint fails (`ua`.`rewards`, CONSTRAINT `user` FOREIGN KEY (`added_by`) REFERENCES `users_account` (`user_id`) ON DELETE RESTRICT ON UPDATE CASCADE) in C:\Projects\UA\system\Database\MySQLi\Connection.php:295
Stack trace:
#0 C:\Projects\UA\system\Database\MySQLi\Connection.php(295): mysqli->query()
#1 C:\Projects\UA\system\Database\BaseConnection.php(692): CodeIgniter\Database\MySQLi\Connection->execute()
#2 C:\Projects\UA\system\Database\BaseConnection.php(606): CodeIgniter\Database\BaseConnection->simpleQuery()
#3 C:\Projects\UA\system\Database\BaseBuilder.php(2309): CodeIgniter\Database\BaseConnection->query()
#4 C:\Projects\UA\system\Model.php(330): CodeIgniter\Database\BaseBuilder->insert()
#5 C:\Projects\UA\system\BaseModel.php(782): CodeIgniter\Model->doInsert()
#6 C:\Projects\UA\system\Model.php(730): CodeIgniter\BaseModel->insert()
#7 C:\Projects\UA\app\Models\RewardsModel.php(52): CodeIgniter\Model->insert()
#8 C:\Projects\UA\app\Controllers\AdminController.php(117): App\Models\RewardsModel->CreateRecords()
#9 C:\Projects\UA\system\CodeIgniter.php(932): App\Controllers\AdminController->AddRewards()
#10 C:\Projects\UA\system\CodeIgniter.php(497): CodeIgniter\CodeIgniter->runController()
#11 C:\Projects\UA\system\CodeIgniter.php(366): CodeIgniter\CodeIgniter->handleRequest()
#12 C:\Projects\UA\public\index.php(67): CodeIgniter\CodeIgniter->run()
#13 C:\Projects\UA\system\Commands\Server\rewrite.php(47): require_once('...')
#14 {main}
CRITICAL - 2024-06-17 10:27:34 --> Cannot add or update a child row: a foreign key constraint fails (`ua`.`rewards`, CONSTRAINT `user` FOREIGN KEY (`added_by`) REFERENCES `users_account` (`user_id`) ON DELETE RESTRICT ON UPDATE CASCADE)
in SYSTEMPATH\Database\MySQLi\Connection.php on line 295.
 1 SYSTEMPATH\Database\MySQLi\Connection.php(295): mysqli->query()
 2 SYSTEMPATH\Database\BaseConnection.php(692): CodeIgniter\Database\MySQLi\Connection->execute()
 3 SYSTEMPATH\Database\BaseConnection.php(606): CodeIgniter\Database\BaseConnection->simpleQuery()
 4 SYSTEMPATH\Database\BaseBuilder.php(2309): CodeIgniter\Database\BaseConnection->query()
 5 SYSTEMPATH\Model.php(330): CodeIgniter\Database\BaseBuilder->insert()
 6 SYSTEMPATH\BaseModel.php(782): CodeIgniter\Model->doInsert()
 7 SYSTEMPATH\Model.php(730): CodeIgniter\BaseModel->insert()
 8 APPPATH\Models\RewardsModel.php(52): CodeIgniter\Model->insert()
 9 APPPATH\Controllers\AdminController.php(117): App\Models\RewardsModel->CreateRecords()
10 SYSTEMPATH\CodeIgniter.php(932): App\Controllers\AdminController->AddRewards()
11 SYSTEMPATH\CodeIgniter.php(497): CodeIgniter\CodeIgniter->runController()
12 SYSTEMPATH\CodeIgniter.php(366): CodeIgniter\CodeIgniter->handleRequest()
13 FCPATH\index.php(67): CodeIgniter\CodeIgniter->run()
14 SYSTEMPATH\Commands\Server\rewrite.php(47): require_once('C:\\Projects\\UA\\public\\index.php')
INFO - 2024-06-17 10:28:43 --> Session: Class initialized using 'CodeIgniter\Session\Handlers\FileHandler' driver.
INFO - 2024-06-17 10:28:43 --> Session: Class initialized using 'CodeIgniter\Session\Handlers\FileHandler' driver.
INFO - 2024-06-17 10:29:46 --> Session: Class initialized using 'CodeIgniter\Session\Handlers\FileHandler' driver.
INFO - 2024-06-17 10:29:48 --> Session: Class initialized using 'CodeIgniter\Session\Handlers\FileHandler' driver.
INFO - 2024-06-17 10:29:48 --> Session: Class initialized using 'CodeIgniter\Session\Handlers\FileHandler' driver.
INFO - 2024-06-17 11:56:43 --> Session: Class initialized using 'CodeIgniter\Session\Handlers\FileHandler' driver.
INFO - 2024-06-17 11:56:43 --> Session: Class initialized using 'CodeIgniter\Session\Handlers\FileHandler' driver.
INFO - 2024-06-17 11:56:47 --> Session: Class initialized using 'CodeIgniter\Session\Handlers\FileHandler' driver.
INFO - 2024-06-17 12:23:11 --> Session: Class initialized using 'CodeIgniter\Session\Handlers\FileHandler' driver.
INFO - 2024-06-17 12:30:48 --> Session: Class initialized using 'CodeIgniter\Session\Handlers\FileHandler' driver.
INFO - 2024-06-17 12:34:49 --> Session: Class initialized using 'CodeIgniter\Session\Handlers\FileHandler' driver.
INFO - 2024-06-17 12:35:03 --> Session: Class initialized using 'CodeIgniter\Session\Handlers\FileHandler' driver.
INFO - 2024-06-17 13:01:45 --> Session: Class initialized using 'CodeIgniter\Session\Handlers\FileHandler' driver.
INFO - 2024-06-17 13:02:09 --> Session: Class initialized using 'CodeIgniter\Session\Handlers\FileHandler' driver.
INFO - 2024-06-17 13:02:09 --> Session: Class initialized using 'CodeIgniter\Session\Handlers\FileHandler' driver.
INFO - 2024-06-17 13:02:21 --> Session: Class initialized using 'CodeIgniter\Session\Handlers\FileHandler' driver.
INFO - 2024-06-17 13:02:21 --> Session: Class initialized using 'CodeIgniter\Session\Handlers\FileHandler' driver.
INFO - 2024-06-17 13:04:26 --> Session: Class initialized using 'CodeIgniter\Session\Handlers\FileHandler' driver.
INFO - 2024-06-17 13:04:28 --> Session: Class initialized using 'CodeIgniter\Session\Handlers\FileHandler' driver.
INFO - 2024-06-17 13:04:29 --> Session: Class initialized using 'CodeIgniter\Session\Handlers\FileHandler' driver.
INFO - 2024-06-17 13:04:31 --> Session: Class initialized using 'CodeIgniter\Session\Handlers\FileHandler' driver.
INFO - 2024-06-17 13:04:44 --> Session: Class initialized using 'CodeIgniter\Session\Handlers\FileHandler' driver.
INFO - 2024-06-17 13:04:45 --> Session: Class initialized using 'CodeIgniter\Session\Handlers\FileHandler' driver.
INFO - 2024-06-17 13:04:48 --> Session: Class initialized using 'CodeIgniter\Session\Handlers\FileHandler' driver.
INFO - 2024-06-17 13:04:48 --> Session: Class initialized using 'CodeIgniter\Session\Handlers\FileHandler' driver.
INFO - 2024-06-17 21:48:32 --> Session: Class initialized using 'CodeIgniter\Session\Handlers\FileHandler' driver.
